This is pdfTeX, Version 3.141592653-2.6-1.40.25 (TeX Live 2023/nixos.org) (preloaded format=pdflatex 1980.1.1)  26 MAR 2025 12:41
entering extended mode
 restricted \write18 enabled.
 %&-line parsing enabled.
**"Exercício 3/exercise3.tex"
(./Exercício 3/exercise3.tex
LaTeX2e <2023-11-01> patch level 1
L3 programming layer <2024-02-20>

! LaTeX Error: File `../Preambulo/preamble.tex' not found.

Type X to quit or <RETURN> to proceed,
or enter new name. (Default extension: tex)

Enter file name: 
! Emergency stop.
<read *> 
         
l.1 \input{../Preambulo/preamble.tex}
                                     ^^M
*** (cannot \read from terminal in nonstop modes)

 
Here is how much of TeX's memory you used:
 19 strings out of 475230
 504 string characters out of 5751327
 1925187 words of memory out of 5000000
 22305 multiletter control sequences out of 15000+600000
 558069 words of font info for 36 fonts, out of 8000000 for 9000
 430 hyphenation exceptions out of 8191
 16i,0n,26p,103b,18s stack positions out of 10000i,1000n,20000p,200000b,200000s
!  ==> Fatal error occurred, no output PDF file produced!
