This is pdfTeX, Version 3.141592653-2.6-1.40.25 (TeX Live 2023/nixos.org) (preloaded format=pdflatex 1980.1.1)  25 MAR 2025 14:10
entering extended mode
 restricted \write18 enabled.
 file:line:error style messages enabled.
 %&-line parsing enabled.
**exercise2.tex
(./exercise2.tex
LaTeX2e <2023-11-01> patch level 1
L3 programming layer <2024-02-20>
(/nix/store/pw3lil95xhs6l4y4ayvwp8mn8i5vnwd6-texlive-combined-2023-texmfdist/tex/latex/base/article.cls
Document Class: article 2023/05/17 v1.4n Standard LaTeX document class
(/nix/store/pw3lil95xhs6l4y4ayvwp8mn8i5vnwd6-texlive-combined-2023-texmfdist/tex/latex/base/size12.clo
File: size12.clo 2023/05/17 v1.4n Standard LaTeX file (size option)
)
\c@part=\count188
\c@section=\count189
\c@subsection=\count190
\c@subsubsection=\count191
\c@paragraph=\count192
\c@subparagraph=\count193
\c@figure=\count194
\c@table=\count195
\abovecaptionskip=\skip48
\belowcaptionskip=\skip49
\bibindent=\dimen140
) (/nix/store/pw3lil95xhs6l4y4ayvwp8mn8i5vnwd6-texlive-combined-2023-texmfdist/tex/latex/base/inputenc.sty
Package: inputenc 2021/02/14 v1.3d Input encoding file
\inpenc@prehook=\toks17
\inpenc@posthook=\toks18
) (/nix/store/pw3lil95xhs6l4y4ayvwp8mn8i5vnwd6-texlive-combined-2023-texmfdist/tex/generic/babel/babel.sty
Package: babel 2024/02/07 v24.2 The Babel package
\babel@savecnt=\count196
\U@D=\dimen141
\l@unhyphenated=\language50
 (/nix/store/pw3lil95xhs6l4y4ayvwp8mn8i5vnwd6-texlive-combined-2023-texmfdist/tex/generic/babel/txtbabel.def)
\bbl@readstream=\read2
\bbl@dirlevel=\count197
 (/nix/store/pw3lil95xhs6l4y4ayvwp8mn8i5vnwd6-texlive-combined-2023-texmfdist/tex/generic/babel-portuges/brazil.ldf
Language: portuges 2021/07/09 v1.2t Portuguese support from the babel system
Package babel Info: Hyphen rules for 'brazil' set to \l@portuguese
(babel)             (\language40). Reported on input line 111.
Package babel Info: Making " an active character on input line 143.
)) (/nix/store/pw3lil95xhs6l4y4ayvwp8mn8i5vnwd6-texlive-combined-2023-texmfdist/tex/latex/amsmath/amsmath.sty
Package: amsmath 2023/05/13 v2.17o AMS math features
\@mathmargin=\skip50

For additional information on amsmath, use the `?' option.
(/nix/store/pw3lil95xhs6l4y4ayvwp8mn8i5vnwd6-texlive-combined-2023-texmfdist/tex/latex/amsmath/amstext.sty
Package: amstext 2021/08/26 v2.01 AMS text
 (/nix/store/pw3lil95xhs6l4y4ayvwp8mn8i5vnwd6-texlive-combined-2023-texmfdist/tex/latex/amsmath/amsgen.sty
File: amsgen.sty 1999/11/30 v2.0 generic functions
\@emptytoks=\toks19
\ex@=\dimen142
)) (/nix/store/pw3lil95xhs6l4y4ayvwp8mn8i5vnwd6-texlive-combined-2023-texmfdist/tex/latex/amsmath/amsbsy.sty
Package: amsbsy 1999/11/29 v1.2d Bold Symbols
\pmbraise@=\dimen143
) (/nix/store/pw3lil95xhs6l4y4ayvwp8mn8i5vnwd6-texlive-combined-2023-texmfdist/tex/latex/amsmath/amsopn.sty
Package: amsopn 2022/04/08 v2.04 operator names
)
\inf@bad=\count198
LaTeX Info: Redefining \frac on input line 234.
\uproot@=\count199
\leftroot@=\count266
LaTeX Info: Redefining \overline on input line 399.
LaTeX Info: Redefining \colon on input line 410.
\classnum@=\count267
\DOTSCASE@=\count268
LaTeX Info: Redefining \ldots on input line 496.
LaTeX Info: Redefining \dots on input line 499.
LaTeX Info: Redefining \cdots on input line 620.
\Mathstrutbox@=\box51
\strutbox@=\box52
LaTeX Info: Redefining \big on input line 722.
LaTeX Info: Redefining \Big on input line 723.
LaTeX Info: Redefining \bigg on input line 724.
LaTeX Info: Redefining \Bigg on input line 725.
\big@size=\dimen144
LaTeX Font Info:    Redeclaring font encoding OML on input line 743.
LaTeX Font Info:    Redeclaring font encoding OMS on input line 744.
\macc@depth=\count269
LaTeX Info: Redefining \bmod on input line 905.
LaTeX Info: Redefining \pmod on input line 910.
LaTeX Info: Redefining \smash on input line 940.
LaTeX Info: Redefining \relbar on input line 970.
LaTeX Info: Redefining \Relbar on input line 971.
\c@MaxMatrixCols=\count270
\dotsspace@=\muskip16
\c@parentequation=\count271
\dspbrk@lvl=\count272
\tag@help=\toks20
\row@=\count273
\column@=\count274
\maxfields@=\count275
\andhelp@=\toks21
\eqnshift@=\dimen145
\alignsep@=\dimen146
\tagshift@=\dimen147
\tagwidth@=\dimen148
\totwidth@=\dimen149
\lineht@=\dimen150
\@envbody=\toks22
\multlinegap=\skip51
\multlinetaggap=\skip52
\mathdisplay@stack=\toks23
LaTeX Info: Redefining \[ on input line 2953.
LaTeX Info: Redefining \] on input line 2954.
) (/nix/store/pw3lil95xhs6l4y4ayvwp8mn8i5vnwd6-texlive-combined-2023-texmfdist/tex/latex/amsfonts/amssymb.sty
Package: amssymb 2013/01/14 v3.01 AMS font symbols
 (/nix/store/pw3lil95xhs6l4y4ayvwp8mn8i5vnwd6-texlive-combined-2023-texmfdist/tex/latex/amsfonts/amsfonts.sty
Package: amsfonts 2013/01/14 v3.01 Basic AMSFonts support
\symAMSa=\mathgroup4
\symAMSb=\mathgroup5
LaTeX Font Info:    Redeclaring math symbol \hbar on input line 98.
LaTeX Font Info:    Overwriting math alphabet `\mathfrak' in version `bold'
(Font)                  U/euf/m/n --> U/euf/b/n on input line 106.
)) (/nix/store/pw3lil95xhs6l4y4ayvwp8mn8i5vnwd6-texlive-combined-2023-texmfdist/tex/latex/enumitem/enumitem.sty
Package: enumitem 2019/06/20 v3.9 Customized lists
\enitkv@toks@=\toks24
\labelindent=\skip53
\enit@outerparindent=\dimen151
\enit@toks=\toks25
\enit@inbox=\box53
\enit@count@id=\count276
\enitdp@description=\count277
) (/nix/store/pw3lil95xhs6l4y4ayvwp8mn8i5vnwd6-texlive-combined-2023-texmfdist/tex/latex/l3backend/l3backend-pdftex.def
File: l3backend-pdftex.def 2024-02-20 L3 backend support: PDF output (pdfTeX)
\l__color_backend_stack_int=\count278
\l__pdf_internal_box=\box54
) (./exercise2.aux)
\openout1 = `exercise2.aux'.

LaTeX Font Info:    Checking defaults for OML/cmm/m/it on input line 16.
LaTeX Font Info:    ... okay on input line 16.
LaTeX Font Info:    Checking defaults for OMS/cmsy/m/n on input line 16.
LaTeX Font Info:    ... okay on input line 16.
LaTeX Font Info:    Checking defaults for OT1/cmr/m/n on input line 16.
LaTeX Font Info:    ... okay on input line 16.
LaTeX Font Info:    Checking defaults for T1/cmr/m/n on input line 16.
LaTeX Font Info:    ... okay on input line 16.
LaTeX Font Info:    Checking defaults for TS1/cmr/m/n on input line 16.
LaTeX Font Info:    ... okay on input line 16.
LaTeX Font Info:    Checking defaults for OMX/cmex/m/n on input line 16.
LaTeX Font Info:    ... okay on input line 16.
LaTeX Font Info:    Checking defaults for U/cmr/m/n on input line 16.
LaTeX Font Info:    ... okay on input line 16.
LaTeX Font Info:    Trying to load font information for U+msa on input line 18.
 (/nix/store/pw3lil95xhs6l4y4ayvwp8mn8i5vnwd6-texlive-combined-2023-texmfdist/tex/latex/amsfonts/umsa.fd
File: umsa.fd 2013/01/14 v3.01 AMS symbols A
)
LaTeX Font Info:    Trying to load font information for U+msb on input line 18.
 (/nix/store/pw3lil95xhs6l4y4ayvwp8mn8i5vnwd6-texlive-combined-2023-texmfdist/tex/latex/amsfonts/umsb.fd
File: umsb.fd 2013/01/14 v3.01 AMS symbols B
) [1

{/nix/store/a8x3l8hjyagnwhsvl9fp70r18g97mmfn-texlive-combined-2023/share/texmf-var/fonts/map/pdftex/updmap/pdftex.map}{/nix/store/pw3lil95xhs6l4y4ayvwp8mn8i5vnwd6-texlive-combined-2023-texmfdist/fonts/enc/dvips/cm-super/cm-super-ts1.enc}]
Overfull \hbox (6.10144pt too wide) in paragraph at lines 77--79
\OT1/cmr/m/n/12 existe pre-ced^encia en-tre os ope-ra-do-res, se-guindo a hi-e-rar-quia ma-tem^^Satica
 []

[2] [3] [4] [5] [6] [7] [8] (./exercise2.aux)
 ***********
LaTeX2e <2023-11-01> patch level 1
L3 programming layer <2024-02-20>
 ***********
 ) 
Here is how much of TeX's memory you used:
 3120 strings out of 475230
 50647 string characters out of 5751327
 1937187 words of memory out of 5000000
 25319 multiletter control sequences out of 15000+600000
 568023 words of font info for 75 fonts, out of 8000000 for 9000
 430 hyphenation exceptions out of 8191
 56i,13n,65p,530b,543s stack positions out of 10000i,1000n,20000p,200000b,200000s
</nix/store/pw3lil95xhs6l4y4ayvwp8mn8i5vnwd6-texlive-combined-2023-texmfdist/fonts/type1/public/amsfonts/cm/cmbx12.pfb></nix/store/pw3lil95xhs6l4y4ayvwp8mn8i5vnwd6-texlive-combined-2023-texmfdist/fonts/type1/public/amsfonts/cm/cmex10.pfb></nix/store/pw3lil95xhs6l4y4ayvwp8mn8i5vnwd6-texlive-combined-2023-texmfdist/fonts/type1/public/amsfonts/cm/cmmi12.pfb></nix/store/pw3lil95xhs6l4y4ayvwp8mn8i5vnwd6-texlive-combined-2023-texmfdist/fonts/type1/public/amsfonts/cm/cmmi8.pfb></nix/store/pw3lil95xhs6l4y4ayvwp8mn8i5vnwd6-texlive-combined-2023-texmfdist/fonts/type1/public/amsfonts/cm/cmr12.pfb></nix/store/pw3lil95xhs6l4y4ayvwp8mn8i5vnwd6-texlive-combined-2023-texmfdist/fonts/type1/public/amsfonts/cm/cmr17.pfb></nix/store/pw3lil95xhs6l4y4ayvwp8mn8i5vnwd6-texlive-combined-2023-texmfdist/fonts/type1/public/amsfonts/cm/cmr8.pfb></nix/store/pw3lil95xhs6l4y4ayvwp8mn8i5vnwd6-texlive-combined-2023-texmfdist/fonts/type1/public/amsfonts/cm/cmsy10.pfb></nix/store/pw3lil95xhs6l4y4ayvwp8mn8i5vnwd6-texlive-combined-2023-texmfdist/fonts/type1/public/amsfonts/cm/cmsy8.pfb></nix/store/pw3lil95xhs6l4y4ayvwp8mn8i5vnwd6-texlive-combined-2023-texmfdist/fonts/type1/public/amsfonts/cm/cmti12.pfb></nix/store/pw3lil95xhs6l4y4ayvwp8mn8i5vnwd6-texlive-combined-2023-texmfdist/fonts/type1/public/amsfonts/cm/cmtt12.pfb></nix/store/pw3lil95xhs6l4y4ayvwp8mn8i5vnwd6-texlive-combined-2023-texmfdist/fonts/type1/public/amsfonts/symbols/msam10.pfb></nix/store/pw3lil95xhs6l4y4ayvwp8mn8i5vnwd6-texlive-combined-2023-texmfdist/fonts/type1/public/cm-super/sfrm1200.pfb>
Output written on exercise2.pdf (8 pages, 154648 bytes).
PDF statistics:
 97 PDF objects out of 1000 (max. 8388607)
 60 compressed objects within 1 object stream
 0 named destinations out of 1000 (max. 500000)
 1 words of extra memory for PDF output out of 10000 (max. 10000000)

