This is pdfTeX, Version 3.141592653-2.6-1.40.25 (TeX Live 2023/nixos.org) (preloaded format=pdflatex 1980.1.1)  18 MAY 2025 21:13
entering extended mode
 restricted \write18 enabled.
 file:line:error style messages enabled.
 %&-line parsing enabled.
**presentation.tex
(./presentation.tex
LaTeX2e <2023-11-01> patch level 1
L3 programming layer <2024-02-20>
(/nix/store/rifmj3dc59iacxav3bvqqs51ka2hdbix-texlive-combined-2023-texmfdist/tex/latex/beamer/beamer.cls
Document Class: beamer 2024/01/06 v3.71 A class for typesetting presentations
(/nix/store/rifmj3dc59iacxav3bvqqs51ka2hdbix-texlive-combined-2023-texmfdist/tex/latex/beamer/beamerbasemodes.sty (/nix/store/rifmj3dc59iacxav3bvqqs51ka2hdbix-texlive-combined-2023-texmfdist/tex/latex/etoolbox/etoolbox.sty
Package: etoolbox 2020/10/05 v2.5k e-TeX tools for LaTeX (JAW)
\etb@tempcnta=\count188
)
\beamer@tempbox=\box51
\beamer@tempcount=\count189
\c@beamerpauses=\count190
 (/nix/store/rifmj3dc59iacxav3bvqqs51ka2hdbix-texlive-combined-2023-texmfdist/tex/latex/beamer/beamerbasedecode.sty
\beamer@slideinframe=\count191
\beamer@minimum=\count192
\beamer@decode@box=\box52
)
\beamer@commentbox=\box53
\beamer@modecount=\count193
) (/nix/store/rifmj3dc59iacxav3bvqqs51ka2hdbix-texlive-combined-2023-texmfdist/tex/generic/iftex/iftex.sty
Package: iftex 2022/02/03 v1.0f TeX engine tests
)
\headdp=\dimen140
\footheight=\dimen141
\sidebarheight=\dimen142
\beamer@tempdim=\dimen143
\beamer@finalheight=\dimen144
\beamer@animht=\dimen145
\beamer@animdp=\dimen146
\beamer@animwd=\dimen147
\beamer@leftmargin=\dimen148
\beamer@rightmargin=\dimen149
\beamer@leftsidebar=\dimen150
\beamer@rightsidebar=\dimen151
\beamer@boxsize=\dimen152
\beamer@vboxoffset=\dimen153
\beamer@descdefault=\dimen154
\beamer@descriptionwidth=\dimen155
\beamer@lastskip=\skip48
\beamer@areabox=\box54
\beamer@animcurrent=\box55
\beamer@animshowbox=\box56
\beamer@sectionbox=\box57
\beamer@logobox=\box58
\beamer@linebox=\box59
\beamer@sectioncount=\count194
\beamer@subsubsectionmax=\count195
\beamer@subsectionmax=\count196
\beamer@sectionmax=\count197
\beamer@totalheads=\count198
\beamer@headcounter=\count199
\beamer@partstartpage=\count266
\beamer@sectionstartpage=\count267
\beamer@subsectionstartpage=\count268
\beamer@animationtempa=\count269
\beamer@animationtempb=\count270
\beamer@xpos=\count271
\beamer@ypos=\count272
\beamer@ypos@offset=\count273
\beamer@showpartnumber=\count274
\beamer@currentsubsection=\count275
\beamer@coveringdepth=\count276
\beamer@sectionadjust=\count277
\beamer@toclastsection=\count278
\beamer@tocsectionnumber=\count279
 (/nix/store/rifmj3dc59iacxav3bvqqs51ka2hdbix-texlive-combined-2023-texmfdist/tex/latex/beamer/beamerbaseoptions.sty (/nix/store/rifmj3dc59iacxav3bvqqs51ka2hdbix-texlive-combined-2023-texmfdist/tex/latex/graphics/keyval.sty
Package: keyval 2022/05/29 v1.15 key=value parser (DPC)
\KV@toks@=\toks17
))
\beamer@paperwidth=\skip49
\beamer@paperheight=\skip50
 (/nix/store/rifmj3dc59iacxav3bvqqs51ka2hdbix-texlive-combined-2023-texmfdist/tex/latex/geometry/geometry.sty
Package: geometry 2020/01/02 v5.9 Page Geometry
 (/nix/store/rifmj3dc59iacxav3bvqqs51ka2hdbix-texlive-combined-2023-texmfdist/tex/generic/iftex/ifvtex.sty
Package: ifvtex 2019/10/25 v1.7 ifvtex legacy package. Use iftex instead.
)
\Gm@cnth=\count280
\Gm@cntv=\count281
\c@Gm@tempcnt=\count282
\Gm@bindingoffset=\dimen156
\Gm@wd@mp=\dimen157
\Gm@odd@mp=\dimen158
\Gm@even@mp=\dimen159
\Gm@layoutwidth=\dimen160
\Gm@layoutheight=\dimen161
\Gm@layouthoffset=\dimen162
\Gm@layoutvoffset=\dimen163
\Gm@dimlist=\toks18
) (/nix/store/rifmj3dc59iacxav3bvqqs51ka2hdbix-texlive-combined-2023-texmfdist/tex/latex/pgf/math/pgfmath.sty (/nix/store/rifmj3dc59iacxav3bvqqs51ka2hdbix-texlive-combined-2023-texmfdist/tex/latex/pgf/utilities/pgfrcs.sty (/nix/store/rifmj3dc59iacxav3bvqqs51ka2hdbix-texlive-combined-2023-texmfdist/tex/generic/pgf/utilities/pgfutil-common.tex
\pgfutil@everybye=\toks19
\pgfutil@tempdima=\dimen164
\pgfutil@tempdimb=\dimen165
) (/nix/store/rifmj3dc59iacxav3bvqqs51ka2hdbix-texlive-combined-2023-texmfdist/tex/generic/pgf/utilities/pgfutil-latex.def
\pgfutil@abb=\box60
) (/nix/store/rifmj3dc59iacxav3bvqqs51ka2hdbix-texlive-combined-2023-texmfdist/tex/generic/pgf/utilities/pgfrcs.code.tex (/nix/store/rifmj3dc59iacxav3bvqqs51ka2hdbix-texlive-combined-2023-texmfdist/tex/generic/pgf/pgf.revision.tex)
Package: pgfrcs 2023-01-15 v3.1.10 (3.1.10)
)) (/nix/store/rifmj3dc59iacxav3bvqqs51ka2hdbix-texlive-combined-2023-texmfdist/tex/latex/pgf/utilities/pgfkeys.sty (/nix/store/rifmj3dc59iacxav3bvqqs51ka2hdbix-texlive-combined-2023-texmfdist/tex/generic/pgf/utilities/pgfkeys.code.tex
\pgfkeys@pathtoks=\toks20
\pgfkeys@temptoks=\toks21
 (/nix/store/rifmj3dc59iacxav3bvqqs51ka2hdbix-texlive-combined-2023-texmfdist/tex/generic/pgf/utilities/pgfkeyslibraryfiltered.code.tex
\pgfkeys@tmptoks=\toks22
)))
(/nix/store/rifmj3dc59iacxav3bvqqs51ka2hdbix-texlive-combined-2023-texmfdist/tex/generic/pgf/math/pgfmath.code.tex (/nix/store/rifmj3dc59iacxav3bvqqs51ka2hdbix-texlive-combined-2023-texmfdist/tex/generic/pgf/math/pgfmathutil.code.tex
\pgf@x=\dimen166
\pgf@xa=\dimen167
\pgf@xb=\dimen168
\pgf@xc=\dimen169
\pgf@y=\dimen170
\pgf@ya=\dimen171
\pgf@yb=\dimen172
\pgf@yc=\dimen173
\c@pgf@counta=\count283
\c@pgf@countb=\count284
\c@pgf@countc=\count285
\c@pgf@countd=\count286
) (/nix/store/rifmj3dc59iacxav3bvqqs51ka2hdbix-texlive-combined-2023-texmfdist/tex/generic/pgf/math/pgfmathparser.code.tex
\pgfmath@dimen=\dimen174
\pgfmath@count=\count287
\pgfmath@box=\box61
\pgfmath@toks=\toks23
\pgfmath@stack@operand=\toks24
\pgfmath@stack@operation=\toks25
) (/nix/store/rifmj3dc59iacxav3bvqqs51ka2hdbix-texlive-combined-2023-texmfdist/tex/generic/pgf/math/pgfmathfunctions.code.tex) (/nix/store/rifmj3dc59iacxav3bvqqs51ka2hdbix-texlive-combined-2023-texmfdist/tex/generic/pgf/math/pgfmathfunctions.basic.code.tex) (/nix/store/rifmj3dc59iacxav3bvqqs51ka2hdbix-texlive-combined-2023-texmfdist/tex/generic/pgf/math/pgfmathfunctions.trigonometric.code.tex) (/nix/store/rifmj3dc59iacxav3bvqqs51ka2hdbix-texlive-combined-2023-texmfdist/tex/generic/pgf/math/pgfmathfunctions.random.code.tex) (/nix/store/rifmj3dc59iacxav3bvqqs51ka2hdbix-texlive-combined-2023-texmfdist/tex/generic/pgf/math/pgfmathfunctions.comparison.code.tex) (/nix/store/rifmj3dc59iacxav3bvqqs51ka2hdbix-texlive-combined-2023-texmfdist/tex/generic/pgf/math/pgfmathfunctions.base.code.tex) (/nix/store/rifmj3dc59iacxav3bvqqs51ka2hdbix-texlive-combined-2023-texmfdist/tex/generic/pgf/math/pgfmathfunctions.round.code.tex) (/nix/store/rifmj3dc59iacxav3bvqqs51ka2hdbix-texlive-combined-2023-texmfdist/tex/generic/pgf/math/pgfmathfunctions.misc.code.tex) (/nix/store/rifmj3dc59iacxav3bvqqs51ka2hdbix-texlive-combined-2023-texmfdist/tex/generic/pgf/math/pgfmathfunctions.integerarithmetics.code.tex) (/nix/store/rifmj3dc59iacxav3bvqqs51ka2hdbix-texlive-combined-2023-texmfdist/tex/generic/pgf/math/pgfmathcalc.code.tex) (/nix/store/rifmj3dc59iacxav3bvqqs51ka2hdbix-texlive-combined-2023-texmfdist/tex/generic/pgf/math/pgfmathfloat.code.tex
\c@pgfmathroundto@lastzeros=\count288
))) (/nix/store/rifmj3dc59iacxav3bvqqs51ka2hdbix-texlive-combined-2023-texmfdist/tex/latex/base/size11.clo
File: size11.clo 2023/05/17 v1.4n Standard LaTeX file (size option)
)
(/nix/store/rifmj3dc59iacxav3bvqqs51ka2hdbix-texlive-combined-2023-texmfdist/tex/latex/pgf/basiclayer/pgfcore.sty (/nix/store/rifmj3dc59iacxav3bvqqs51ka2hdbix-texlive-combined-2023-texmfdist/tex/latex/graphics/graphicx.sty
Package: graphicx 2021/09/16 v1.2d Enhanced LaTeX Graphics (DPC,SPQR)
 (/nix/store/rifmj3dc59iacxav3bvqqs51ka2hdbix-texlive-combined-2023-texmfdist/tex/latex/graphics/graphics.sty
Package: graphics 2022/03/10 v1.4e Standard LaTeX Graphics (DPC,SPQR)
 (/nix/store/rifmj3dc59iacxav3bvqqs51ka2hdbix-texlive-combined-2023-texmfdist/tex/latex/graphics/trig.sty
Package: trig 2021/08/11 v1.11 sin cos tan (DPC)
) (/nix/store/rifmj3dc59iacxav3bvqqs51ka2hdbix-texlive-combined-2023-texmfdist/tex/latex/graphics-cfg/graphics.cfg
File: graphics.cfg 2016/06/04 v1.11 sample graphics configuration
)
Package graphics Info: Driver file: pdftex.def on input line 107.
 (/nix/store/rifmj3dc59iacxav3bvqqs51ka2hdbix-texlive-combined-2023-texmfdist/tex/latex/graphics-def/pdftex.def
File: pdftex.def 2022/09/22 v1.2b Graphics/color driver for pdftex
))
\Gin@req@height=\dimen175
\Gin@req@width=\dimen176
) (/nix/store/rifmj3dc59iacxav3bvqqs51ka2hdbix-texlive-combined-2023-texmfdist/tex/latex/pgf/systemlayer/pgfsys.sty (/nix/store/rifmj3dc59iacxav3bvqqs51ka2hdbix-texlive-combined-2023-texmfdist/tex/generic/pgf/systemlayer/pgfsys.code.tex
Package: pgfsys 2023-01-15 v3.1.10 (3.1.10)
\pgf@x=\dimen177
\pgf@y=\dimen178
\pgf@xa=\dimen179
\pgf@ya=\dimen180
\pgf@xb=\dimen181
\pgf@yb=\dimen182
\pgf@xc=\dimen183
\pgf@yc=\dimen184
\pgf@xd=\dimen185
\pgf@yd=\dimen186
\w@pgf@writea=\write3
\r@pgf@reada=\read2
\c@pgf@counta=\count289
\c@pgf@countb=\count290
\c@pgf@countc=\count291
\c@pgf@countd=\count292
\t@pgf@toka=\toks26
\t@pgf@tokb=\toks27
\t@pgf@tokc=\toks28
\pgf@sys@id@count=\count293
 (/nix/store/rifmj3dc59iacxav3bvqqs51ka2hdbix-texlive-combined-2023-texmfdist/tex/generic/pgf/systemlayer/pgf.cfg
File: pgf.cfg 2023-01-15 v3.1.10 (3.1.10)
)
Driver file for pgf: pgfsys-pdftex.def
 (/nix/store/rifmj3dc59iacxav3bvqqs51ka2hdbix-texlive-combined-2023-texmfdist/tex/generic/pgf/systemlayer/pgfsys-pdftex.def
File: pgfsys-pdftex.def 2023-01-15 v3.1.10 (3.1.10)
 (/nix/store/rifmj3dc59iacxav3bvqqs51ka2hdbix-texlive-combined-2023-texmfdist/tex/generic/pgf/systemlayer/pgfsys-common-pdf.def
File: pgfsys-common-pdf.def 2023-01-15 v3.1.10 (3.1.10)
))) (/nix/store/rifmj3dc59iacxav3bvqqs51ka2hdbix-texlive-combined-2023-texmfdist/tex/generic/pgf/systemlayer/pgfsyssoftpath.code.tex
File: pgfsyssoftpath.code.tex 2023-01-15 v3.1.10 (3.1.10)
\pgfsyssoftpath@smallbuffer@items=\count294
\pgfsyssoftpath@bigbuffer@items=\count295
) (/nix/store/rifmj3dc59iacxav3bvqqs51ka2hdbix-texlive-combined-2023-texmfdist/tex/generic/pgf/systemlayer/pgfsysprotocol.code.tex
File: pgfsysprotocol.code.tex 2023-01-15 v3.1.10 (3.1.10)
)) (/nix/store/rifmj3dc59iacxav3bvqqs51ka2hdbix-texlive-combined-2023-texmfdist/tex/latex/xcolor/xcolor.sty
Package: xcolor 2023/11/15 v3.01 LaTeX color extensions (UK)
 (/nix/store/rifmj3dc59iacxav3bvqqs51ka2hdbix-texlive-combined-2023-texmfdist/tex/latex/graphics-cfg/color.cfg
File: color.cfg 2016/01/02 v1.6 sample color configuration
)
Package xcolor Info: Driver file: pdftex.def on input line 274.
 (/nix/store/rifmj3dc59iacxav3bvqqs51ka2hdbix-texlive-combined-2023-texmfdist/tex/latex/graphics/mathcolor.ltx)
Package xcolor Info: Model `cmy' substituted by `cmy0' on input line 1350.
Package xcolor Info: Model `hsb' substituted by `rgb' on input line 1354.
Package xcolor Info: Model `RGB' extended on input line 1366.
Package xcolor Info: Model `HTML' substituted by `rgb' on input line 1368.
Package xcolor Info: Model `Hsb' substituted by `hsb' on input line 1369.
Package xcolor Info: Model `tHsb' substituted by `hsb' on input line 1370.
Package xcolor Info: Model `HSB' substituted by `hsb' on input line 1371.
Package xcolor Info: Model `Gray' substituted by `gray' on input line 1372.
Package xcolor Info: Model `wave' substituted by `hsb' on input line 1373.
) (/nix/store/rifmj3dc59iacxav3bvqqs51ka2hdbix-texlive-combined-2023-texmfdist/tex/generic/pgf/basiclayer/pgfcore.code.tex
Package: pgfcore 2023-01-15 v3.1.10 (3.1.10)

(/nix/store/rifmj3dc59iacxav3bvqqs51ka2hdbix-texlive-combined-2023-texmfdist/tex/generic/pgf/math/pgfint.code.tex) (/nix/store/rifmj3dc59iacxav3bvqqs51ka2hdbix-texlive-combined-2023-texmfdist/tex/generic/pgf/basiclayer/pgfcorepoints.code.tex
File: pgfcorepoints.code.tex 2023-01-15 v3.1.10 (3.1.10)
\pgf@picminx=\dimen187
\pgf@picmaxx=\dimen188
\pgf@picminy=\dimen189
\pgf@picmaxy=\dimen190
\pgf@pathminx=\dimen191
\pgf@pathmaxx=\dimen192
\pgf@pathminy=\dimen193
\pgf@pathmaxy=\dimen194
\pgf@xx=\dimen195
\pgf@xy=\dimen196
\pgf@yx=\dimen197
\pgf@yy=\dimen198
\pgf@zx=\dimen199
\pgf@zy=\dimen256
) (/nix/store/rifmj3dc59iacxav3bvqqs51ka2hdbix-texlive-combined-2023-texmfdist/tex/generic/pgf/basiclayer/pgfcorepathconstruct.code.tex
File: pgfcorepathconstruct.code.tex 2023-01-15 v3.1.10 (3.1.10)
\pgf@path@lastx=\dimen257
\pgf@path@lasty=\dimen258
) (/nix/store/rifmj3dc59iacxav3bvqqs51ka2hdbix-texlive-combined-2023-texmfdist/tex/generic/pgf/basiclayer/pgfcorepathusage.code.tex
File: pgfcorepathusage.code.tex 2023-01-15 v3.1.10 (3.1.10)
\pgf@shorten@end@additional=\dimen259
\pgf@shorten@start@additional=\dimen260
) (/nix/store/rifmj3dc59iacxav3bvqqs51ka2hdbix-texlive-combined-2023-texmfdist/tex/generic/pgf/basiclayer/pgfcorescopes.code.tex
File: pgfcorescopes.code.tex 2023-01-15 v3.1.10 (3.1.10)
\pgfpic=\box62
\pgf@hbox=\box63
\pgf@layerbox@main=\box64
\pgf@picture@serial@count=\count296
) (/nix/store/rifmj3dc59iacxav3bvqqs51ka2hdbix-texlive-combined-2023-texmfdist/tex/generic/pgf/basiclayer/pgfcoregraphicstate.code.tex
File: pgfcoregraphicstate.code.tex 2023-01-15 v3.1.10 (3.1.10)
\pgflinewidth=\dimen261
) (/nix/store/rifmj3dc59iacxav3bvqqs51ka2hdbix-texlive-combined-2023-texmfdist/tex/generic/pgf/basiclayer/pgfcoretransformations.code.tex
File: pgfcoretransformations.code.tex 2023-01-15 v3.1.10 (3.1.10)
\pgf@pt@x=\dimen262
\pgf@pt@y=\dimen263
\pgf@pt@temp=\dimen264
) (/nix/store/rifmj3dc59iacxav3bvqqs51ka2hdbix-texlive-combined-2023-texmfdist/tex/generic/pgf/basiclayer/pgfcorequick.code.tex
File: pgfcorequick.code.tex 2023-01-15 v3.1.10 (3.1.10)
) (/nix/store/rifmj3dc59iacxav3bvqqs51ka2hdbix-texlive-combined-2023-texmfdist/tex/generic/pgf/basiclayer/pgfcoreobjects.code.tex
File: pgfcoreobjects.code.tex 2023-01-15 v3.1.10 (3.1.10)
) (/nix/store/rifmj3dc59iacxav3bvqqs51ka2hdbix-texlive-combined-2023-texmfdist/tex/generic/pgf/basiclayer/pgfcorepathprocessing.code.tex
File: pgfcorepathprocessing.code.tex 2023-01-15 v3.1.10 (3.1.10)
) (/nix/store/rifmj3dc59iacxav3bvqqs51ka2hdbix-texlive-combined-2023-texmfdist/tex/generic/pgf/basiclayer/pgfcorearrows.code.tex
File: pgfcorearrows.code.tex 2023-01-15 v3.1.10 (3.1.10)
\pgfarrowsep=\dimen265
) (/nix/store/rifmj3dc59iacxav3bvqqs51ka2hdbix-texlive-combined-2023-texmfdist/tex/generic/pgf/basiclayer/pgfcoreshade.code.tex
File: pgfcoreshade.code.tex 2023-01-15 v3.1.10 (3.1.10)
\pgf@max=\dimen266
\pgf@sys@shading@range@num=\count297
\pgf@shadingcount=\count298
) (/nix/store/rifmj3dc59iacxav3bvqqs51ka2hdbix-texlive-combined-2023-texmfdist/tex/generic/pgf/basiclayer/pgfcoreimage.code.tex
File: pgfcoreimage.code.tex 2023-01-15 v3.1.10 (3.1.10)
) (/nix/store/rifmj3dc59iacxav3bvqqs51ka2hdbix-texlive-combined-2023-texmfdist/tex/generic/pgf/basiclayer/pgfcoreexternal.code.tex
File: pgfcoreexternal.code.tex 2023-01-15 v3.1.10 (3.1.10)
\pgfexternal@startupbox=\box65
) (/nix/store/rifmj3dc59iacxav3bvqqs51ka2hdbix-texlive-combined-2023-texmfdist/tex/generic/pgf/basiclayer/pgfcorelayers.code.tex
File: pgfcorelayers.code.tex 2023-01-15 v3.1.10 (3.1.10)
)
(/nix/store/rifmj3dc59iacxav3bvqqs51ka2hdbix-texlive-combined-2023-texmfdist/tex/generic/pgf/basiclayer/pgfcoretransparency.code.tex
File: pgfcoretransparency.code.tex 2023-01-15 v3.1.10 (3.1.10)
) (/nix/store/rifmj3dc59iacxav3bvqqs51ka2hdbix-texlive-combined-2023-texmfdist/tex/generic/pgf/basiclayer/pgfcorepatterns.code.tex
File: pgfcorepatterns.code.tex 2023-01-15 v3.1.10 (3.1.10)
) (/nix/store/rifmj3dc59iacxav3bvqqs51ka2hdbix-texlive-combined-2023-texmfdist/tex/generic/pgf/basiclayer/pgfcorerdf.code.tex
File: pgfcorerdf.code.tex 2023-01-15 v3.1.10 (3.1.10)
))) (/nix/store/rifmj3dc59iacxav3bvqqs51ka2hdbix-texlive-combined-2023-texmfdist/tex/latex/pgf/utilities/xxcolor.sty
Package: xxcolor 2003/10/24 ver 0.1
\XC@nummixins=\count299
\XC@countmixins=\count300
) (/nix/store/rifmj3dc59iacxav3bvqqs51ka2hdbix-texlive-combined-2023-texmfdist/tex/latex/base/atbegshi-ltx.sty
Package: atbegshi-ltx 2021/01/10 v1.0c Emulation of the original atbegshi
package with kernel methods
) (/nix/store/rifmj3dc59iacxav3bvqqs51ka2hdbix-texlive-combined-2023-texmfdist/tex/latex/hyperref/hyperref.sty
Package: hyperref 2024-01-20 v7.01h Hypertext links for LaTeX
 (/nix/store/rifmj3dc59iacxav3bvqqs51ka2hdbix-texlive-combined-2023-texmfdist/tex/latex/kvsetkeys/kvsetkeys.sty
Package: kvsetkeys 2022-10-05 v1.19 Key value parser (HO)
) (/nix/store/rifmj3dc59iacxav3bvqqs51ka2hdbix-texlive-combined-2023-texmfdist/tex/generic/kvdefinekeys/kvdefinekeys.sty
Package: kvdefinekeys 2019-12-19 v1.6 Define keys (HO)
) (/nix/store/rifmj3dc59iacxav3bvqqs51ka2hdbix-texlive-combined-2023-texmfdist/tex/generic/pdfescape/pdfescape.sty
Package: pdfescape 2019/12/09 v1.15 Implements pdfTeX's escape features (HO)
 (/nix/store/rifmj3dc59iacxav3bvqqs51ka2hdbix-texlive-combined-2023-texmfdist/tex/generic/ltxcmds/ltxcmds.sty
Package: ltxcmds 2023-12-04 v1.26 LaTeX kernel commands for general use (HO)
) (/nix/store/rifmj3dc59iacxav3bvqqs51ka2hdbix-texlive-combined-2023-texmfdist/tex/generic/pdftexcmds/pdftexcmds.sty
Package: pdftexcmds 2020-06-27 v0.33 Utility functions of pdfTeX for LuaTeX (HO)
 (/nix/store/rifmj3dc59iacxav3bvqqs51ka2hdbix-texlive-combined-2023-texmfdist/tex/generic/infwarerr/infwarerr.sty
Package: infwarerr 2019/12/03 v1.5 Providing info/warning/error messages (HO)
)
Package pdftexcmds Info: \pdf@primitive is available.
Package pdftexcmds Info: \pdf@ifprimitive is available.
Package pdftexcmds Info: \pdfdraftmode found.
)) (/nix/store/rifmj3dc59iacxav3bvqqs51ka2hdbix-texlive-combined-2023-texmfdist/tex/latex/hycolor/hycolor.sty
Package: hycolor 2020-01-27 v1.10 Color options for hyperref/bookmark (HO)
) (/nix/store/rifmj3dc59iacxav3bvqqs51ka2hdbix-texlive-combined-2023-texmfdist/tex/latex/auxhook/auxhook.sty
Package: auxhook 2019-12-17 v1.6 Hooks for auxiliary files (HO)
) (/nix/store/rifmj3dc59iacxav3bvqqs51ka2hdbix-texlive-combined-2023-texmfdist/tex/latex/hyperref/nameref.sty
Package: nameref 2023-11-26 v2.56 Cross-referencing by name of section
 (/nix/store/rifmj3dc59iacxav3bvqqs51ka2hdbix-texlive-combined-2023-texmfdist/tex/latex/refcount/refcount.sty
Package: refcount 2019/12/15 v3.6 Data extraction from label references (HO)
) (/nix/store/rifmj3dc59iacxav3bvqqs51ka2hdbix-texlive-combined-2023-texmfdist/tex/generic/gettitlestring/gettitlestring.sty
Package: gettitlestring 2019/12/15 v1.6 Cleanup title references (HO)

(/nix/store/rifmj3dc59iacxav3bvqqs51ka2hdbix-texlive-combined-2023-texmfdist/tex/latex/kvoptions/kvoptions.sty
Package: kvoptions 2022-06-15 v3.15 Key value format for package options (HO)
))
\c@section@level=\count301
)
\@linkdim=\dimen267
\Hy@linkcounter=\count302
\Hy@pagecounter=\count303
 (/nix/store/rifmj3dc59iacxav3bvqqs51ka2hdbix-texlive-combined-2023-texmfdist/tex/latex/hyperref/pd1enc.def
File: pd1enc.def 2024-01-20 v7.01h Hyperref: PDFDocEncoding definition (HO)
Now handling font encoding PD1 ...
... no UTF-8 mapping file for font encoding PD1
) (/nix/store/rifmj3dc59iacxav3bvqqs51ka2hdbix-texlive-combined-2023-texmfdist/tex/generic/intcalc/intcalc.sty
Package: intcalc 2019/12/15 v1.3 Expandable calculations with integers (HO)
)
\Hy@SavedSpaceFactor=\count304
 (/nix/store/rifmj3dc59iacxav3bvqqs51ka2hdbix-texlive-combined-2023-texmfdist/tex/latex/hyperref/puenc.def
File: puenc.def 2024-01-20 v7.01h Hyperref: PDF Unicode definition (HO)
Now handling font encoding PU ...
... no UTF-8 mapping file for font encoding PU
)
Package hyperref Info: Option `bookmarks' set `true' on input line 4062.
Package hyperref Info: Option `bookmarksopen' set `true' on input line 4062.
Package hyperref Info: Option `implicit' set `false' on input line 4062.
Package hyperref Info: Hyper figures OFF on input line 4179.
Package hyperref Info: Link nesting OFF on input line 4184.
Package hyperref Info: Hyper index ON on input line 4187.
Package hyperref Info: Plain pages OFF on input line 4194.
Package hyperref Info: Backreferencing OFF on input line 4199.
Package hyperref Info: Implicit mode OFF; no redefinition of LaTeX internals.
Package hyperref Info: Bookmarks ON on input line 4446.
\c@Hy@tempcnt=\count305
 (/nix/store/rifmj3dc59iacxav3bvqqs51ka2hdbix-texlive-combined-2023-texmfdist/tex/latex/url/url.sty
\Urlmuskip=\muskip16
Package: url 2013/09/16  ver 3.4  Verb mode for urls, etc.
)
LaTeX Info: Redefining \url on input line 4784.
\XeTeXLinkMargin=\dimen268
 (/nix/store/rifmj3dc59iacxav3bvqqs51ka2hdbix-texlive-combined-2023-texmfdist/tex/generic/bitset/bitset.sty
Package: bitset 2019/12/09 v1.3 Handle bit-vector datatype (HO)
 (/nix/store/rifmj3dc59iacxav3bvqqs51ka2hdbix-texlive-combined-2023-texmfdist/tex/generic/bigintcalc/bigintcalc.sty
Package: bigintcalc 2019/12/15 v1.5 Expandable calculations on big integers (HO)
))
\Fld@menulength=\count306
\Field@Width=\dimen269
\Fld@charsize=\dimen270
Package hyperref Info: Hyper figures OFF on input line 6063.
Package hyperref Info: Link nesting OFF on input line 6068.
Package hyperref Info: Hyper index ON on input line 6071.
Package hyperref Info: backreferencing OFF on input line 6078.
Package hyperref Info: Link coloring OFF on input line 6083.
Package hyperref Info: Link coloring with OCG OFF on input line 6088.
Package hyperref Info: PDF/A mode OFF on input line 6093.
\Hy@abspage=\count307


Package hyperref Message: Stopped early.

)
Package hyperref Info: Driver (autodetected): hpdftex.
 (/nix/store/rifmj3dc59iacxav3bvqqs51ka2hdbix-texlive-combined-2023-texmfdist/tex/latex/hyperref/hpdftex.def
File: hpdftex.def 2024-01-20 v7.01h Hyperref driver for pdfTeX
 (/nix/store/rifmj3dc59iacxav3bvqqs51ka2hdbix-texlive-combined-2023-texmfdist/tex/latex/base/atveryend-ltx.sty
Package: atveryend-ltx 2020/08/19 v1.0a Emulation of the original atveryend package
with kernel methods
)
\Fld@listcount=\count308
\c@bookmark@seq@number=\count309
 (/nix/store/rifmj3dc59iacxav3bvqqs51ka2hdbix-texlive-combined-2023-texmfdist/tex/latex/rerunfilecheck/rerunfilecheck.sty
Package: rerunfilecheck 2022-07-10 v1.10 Rerun checks for auxiliary files (HO)
 (/nix/store/rifmj3dc59iacxav3bvqqs51ka2hdbix-texlive-combined-2023-texmfdist/tex/generic/uniquecounter/uniquecounter.sty
Package: uniquecounter 2019/12/15 v1.4 Provide unlimited unique counter (HO)
)
Package uniquecounter Info: New unique counter `rerunfilecheck' on input line 285.
)) (/nix/store/rifmj3dc59iacxav3bvqqs51ka2hdbix-texlive-combined-2023-texmfdist/tex/latex/beamer/beamerbaserequires.sty (/nix/store/rifmj3dc59iacxav3bvqqs51ka2hdbix-texlive-combined-2023-texmfdist/tex/latex/beamer/beamerbasecompatibility.sty) (/nix/store/rifmj3dc59iacxav3bvqqs51ka2hdbix-texlive-combined-2023-texmfdist/tex/latex/beamer/beamerbasefont.sty (/nix/store/rifmj3dc59iacxav3bvqqs51ka2hdbix-texlive-combined-2023-texmfdist/tex/latex/amsfonts/amssymb.sty
Package: amssymb 2013/01/14 v3.01 AMS font symbols
 (/nix/store/rifmj3dc59iacxav3bvqqs51ka2hdbix-texlive-combined-2023-texmfdist/tex/latex/amsfonts/amsfonts.sty
Package: amsfonts 2013/01/14 v3.01 Basic AMSFonts support
\@emptytoks=\toks29
\symAMSa=\mathgroup4
\symAMSb=\mathgroup5
LaTeX Font Info:    Redeclaring math symbol \hbar on input line 98.
LaTeX Font Info:    Overwriting math alphabet `\mathfrak' in version `bold'
(Font)                  U/euf/m/n --> U/euf/b/n on input line 106.
))) (/nix/store/rifmj3dc59iacxav3bvqqs51ka2hdbix-texlive-combined-2023-texmfdist/tex/latex/beamer/beamerbasetranslator.sty (/nix/store/rifmj3dc59iacxav3bvqqs51ka2hdbix-texlive-combined-2023-texmfdist/tex/latex/translator/translator.sty
Package: translator 2021-05-31 v1.12d Easy translation of strings in LaTeX
)) (/nix/store/rifmj3dc59iacxav3bvqqs51ka2hdbix-texlive-combined-2023-texmfdist/tex/latex/beamer/beamerbasemisc.sty) (/nix/store/rifmj3dc59iacxav3bvqqs51ka2hdbix-texlive-combined-2023-texmfdist/tex/latex/beamer/beamerbasetwoscreens.sty) (/nix/store/rifmj3dc59iacxav3bvqqs51ka2hdbix-texlive-combined-2023-texmfdist/tex/latex/beamer/beamerbaseoverlay.sty
\beamer@argscount=\count310
\beamer@lastskipcover=\skip51
\beamer@trivlistdepth=\count311
) (/nix/store/rifmj3dc59iacxav3bvqqs51ka2hdbix-texlive-combined-2023-texmfdist/tex/latex/beamer/beamerbasetitle.sty) (/nix/store/rifmj3dc59iacxav3bvqqs51ka2hdbix-texlive-combined-2023-texmfdist/tex/latex/beamer/beamerbasesection.sty
\c@lecture=\count312
\c@part=\count313
\c@section=\count314
\c@subsection=\count315
\c@subsubsection=\count316
) (/nix/store/rifmj3dc59iacxav3bvqqs51ka2hdbix-texlive-combined-2023-texmfdist/tex/latex/beamer/beamerbaseframe.sty
\beamer@framebox=\box66
\beamer@frametitlebox=\box67
\beamer@zoombox=\box68
\beamer@zoomcount=\count317
\beamer@zoomframecount=\count318
\beamer@frametextheight=\dimen271
\c@subsectionslide=\count319
\beamer@frametopskip=\skip52
\beamer@framebottomskip=\skip53
\beamer@frametopskipautobreak=\skip54
\beamer@framebottomskipautobreak=\skip55
\beamer@envbody=\toks30
\framewidth=\dimen272
\c@framenumber=\count320
)
(/nix/store/rifmj3dc59iacxav3bvqqs51ka2hdbix-texlive-combined-2023-texmfdist/tex/latex/beamer/beamerbaseverbatim.sty
\beamer@verbatimfileout=\write4
) (/nix/store/rifmj3dc59iacxav3bvqqs51ka2hdbix-texlive-combined-2023-texmfdist/tex/latex/beamer/beamerbaseframesize.sty
\beamer@splitbox=\box69
\beamer@autobreakcount=\count321
\beamer@autobreaklastheight=\dimen273
\beamer@frametitletoks=\toks31
\beamer@framesubtitletoks=\toks32
) (/nix/store/rifmj3dc59iacxav3bvqqs51ka2hdbix-texlive-combined-2023-texmfdist/tex/latex/beamer/beamerbaseframecomponents.sty
\beamer@footins=\box70
) (/nix/store/rifmj3dc59iacxav3bvqqs51ka2hdbix-texlive-combined-2023-texmfdist/tex/latex/beamer/beamerbasecolor.sty) (/nix/store/rifmj3dc59iacxav3bvqqs51ka2hdbix-texlive-combined-2023-texmfdist/tex/latex/beamer/beamerbasenotes.sty
\beamer@frameboxcopy=\box71
) (/nix/store/rifmj3dc59iacxav3bvqqs51ka2hdbix-texlive-combined-2023-texmfdist/tex/latex/beamer/beamerbasetoc.sty) (/nix/store/rifmj3dc59iacxav3bvqqs51ka2hdbix-texlive-combined-2023-texmfdist/tex/latex/beamer/beamerbasetemplates.sty
\beamer@sbttoks=\toks33
 (/nix/store/rifmj3dc59iacxav3bvqqs51ka2hdbix-texlive-combined-2023-texmfdist/tex/latex/beamer/beamerbaseauxtemplates.sty (/nix/store/rifmj3dc59iacxav3bvqqs51ka2hdbix-texlive-combined-2023-texmfdist/tex/latex/beamer/beamerbaseboxes.sty
\bmb@box=\box72
\bmb@colorbox=\box73
\bmb@boxwidth=\dimen274
\bmb@boxheight=\dimen275
\bmb@prevheight=\dimen276
\bmb@temp=\dimen277
\bmb@dima=\dimen278
\bmb@dimb=\dimen279
\bmb@prevheight=\dimen280
)
\beamer@blockheadheight=\dimen281
)) (/nix/store/rifmj3dc59iacxav3bvqqs51ka2hdbix-texlive-combined-2023-texmfdist/tex/latex/beamer/beamerbaselocalstructure.sty (/nix/store/rifmj3dc59iacxav3bvqqs51ka2hdbix-texlive-combined-2023-texmfdist/tex/latex/tools/enumerate.sty
Package: enumerate 2023/07/04 v3.00 enumerate extensions (DPC)
\@enLab=\toks34
)
\beamer@bibiconwidth=\skip56
\c@figure=\count322
\c@table=\count323
\abovecaptionskip=\skip57
\belowcaptionskip=\skip58
) (/nix/store/rifmj3dc59iacxav3bvqqs51ka2hdbix-texlive-combined-2023-texmfdist/tex/latex/beamer/beamerbasenavigation.sty (/nix/store/rifmj3dc59iacxav3bvqqs51ka2hdbix-texlive-combined-2023-texmfdist/tex/latex/beamer/beamerbasenavigationsymbols.tex)
\beamer@section@min@dim=\dimen282
) (/nix/store/rifmj3dc59iacxav3bvqqs51ka2hdbix-texlive-combined-2023-texmfdist/tex/latex/beamer/beamerbasetheorems.sty (/nix/store/rifmj3dc59iacxav3bvqqs51ka2hdbix-texlive-combined-2023-texmfdist/tex/latex/amsmath/amsmath.sty
Package: amsmath 2023/05/13 v2.17o AMS math features
\@mathmargin=\skip59

For additional information on amsmath, use the `?' option.
(/nix/store/rifmj3dc59iacxav3bvqqs51ka2hdbix-texlive-combined-2023-texmfdist/tex/latex/amsmath/amstext.sty
Package: amstext 2021/08/26 v2.01 AMS text
 (/nix/store/rifmj3dc59iacxav3bvqqs51ka2hdbix-texlive-combined-2023-texmfdist/tex/latex/amsmath/amsgen.sty
File: amsgen.sty 1999/11/30 v2.0 generic functions
\@emptytoks=\toks35
\ex@=\dimen283
)) (/nix/store/rifmj3dc59iacxav3bvqqs51ka2hdbix-texlive-combined-2023-texmfdist/tex/latex/amsmath/amsbsy.sty
Package: amsbsy 1999/11/29 v1.2d Bold Symbols
\pmbraise@=\dimen284
) (/nix/store/rifmj3dc59iacxav3bvqqs51ka2hdbix-texlive-combined-2023-texmfdist/tex/latex/amsmath/amsopn.sty
Package: amsopn 2022/04/08 v2.04 operator names
)
\inf@bad=\count324
LaTeX Info: Redefining \frac on input line 234.
\uproot@=\count325
\leftroot@=\count326
LaTeX Info: Redefining \overline on input line 399.
LaTeX Info: Redefining \colon on input line 410.
\classnum@=\count327
\DOTSCASE@=\count328
LaTeX Info: Redefining \ldots on input line 496.
LaTeX Info: Redefining \dots on input line 499.
LaTeX Info: Redefining \cdots on input line 620.
\Mathstrutbox@=\box74
\strutbox@=\box75
LaTeX Info: Redefining \big on input line 722.
LaTeX Info: Redefining \Big on input line 723.
LaTeX Info: Redefining \bigg on input line 724.
LaTeX Info: Redefining \Bigg on input line 725.
\big@size=\dimen285
LaTeX Font Info:    Redeclaring font encoding OML on input line 743.
LaTeX Font Info:    Redeclaring font encoding OMS on input line 744.
\macc@depth=\count329
LaTeX Info: Redefining \bmod on input line 905.
LaTeX Info: Redefining \pmod on input line 910.
LaTeX Info: Redefining \smash on input line 940.
LaTeX Info: Redefining \relbar on input line 970.
LaTeX Info: Redefining \Relbar on input line 971.
\c@MaxMatrixCols=\count330
\dotsspace@=\muskip17
\c@parentequation=\count331
\dspbrk@lvl=\count332
\tag@help=\toks36
\row@=\count333
\column@=\count334
\maxfields@=\count335
\andhelp@=\toks37
\eqnshift@=\dimen286
\alignsep@=\dimen287
\tagshift@=\dimen288
\tagwidth@=\dimen289
\totwidth@=\dimen290
\lineht@=\dimen291
\@envbody=\toks38
\multlinegap=\skip60
\multlinetaggap=\skip61
\mathdisplay@stack=\toks39
LaTeX Info: Redefining \[ on input line 2953.
LaTeX Info: Redefining \] on input line 2954.
) (/nix/store/rifmj3dc59iacxav3bvqqs51ka2hdbix-texlive-combined-2023-texmfdist/tex/latex/amscls/amsthm.sty
Package: amsthm 2020/05/29 v2.20.6
\thm@style=\toks40
\thm@bodyfont=\toks41
\thm@headfont=\toks42
\thm@notefont=\toks43
\thm@headpunct=\toks44
\thm@preskip=\skip62
\thm@postskip=\skip63
\thm@headsep=\skip64
\dth@everypar=\toks45
)
\c@theorem=\count336
) (/nix/store/rifmj3dc59iacxav3bvqqs51ka2hdbix-texlive-combined-2023-texmfdist/tex/latex/beamer/beamerbasethemes.sty)) (/nix/store/rifmj3dc59iacxav3bvqqs51ka2hdbix-texlive-combined-2023-texmfdist/tex/latex/beamer/beamerthemedefault.sty (/nix/store/rifmj3dc59iacxav3bvqqs51ka2hdbix-texlive-combined-2023-texmfdist/tex/latex/beamer/beamerfontthemedefault.sty) (/nix/store/rifmj3dc59iacxav3bvqqs51ka2hdbix-texlive-combined-2023-texmfdist/tex/latex/beamer/beamercolorthemedefault.sty) (/nix/store/rifmj3dc59iacxav3bvqqs51ka2hdbix-texlive-combined-2023-texmfdist/tex/latex/beamer/beamerinnerthemedefault.sty
\beamer@dima=\dimen292
\beamer@dimb=\dimen293
) (/nix/store/rifmj3dc59iacxav3bvqqs51ka2hdbix-texlive-combined-2023-texmfdist/tex/latex/beamer/beamerouterthemedefault.sty))) (/nix/store/rifmj3dc59iacxav3bvqqs51ka2hdbix-texlive-combined-2023-texmfdist/tex/latex/base/inputenc.sty
Package: inputenc 2021/02/14 v1.3d Input encoding file
\inpenc@prehook=\toks46
\inpenc@posthook=\toks47
) (/nix/store/rifmj3dc59iacxav3bvqqs51ka2hdbix-texlive-combined-2023-texmfdist/tex/generic/babel/babel.sty
Package: babel 2024/02/07 v24.2 The Babel package
\babel@savecnt=\count337
\U@D=\dimen294
\l@unhyphenated=\language50
 (/nix/store/rifmj3dc59iacxav3bvqqs51ka2hdbix-texlive-combined-2023-texmfdist/tex/generic/babel/txtbabel.def)
\bbl@readstream=\read3
LaTeX Info: Redefining \textlatin on input line 3919.
\bbl@dirlevel=\count338
 (/nix/store/rifmj3dc59iacxav3bvqqs51ka2hdbix-texlive-combined-2023-texmfdist/tex/generic/babel-portuges/brazil.ldf
Language: portuges 2021/07/09 v1.2t Portuguese support from the babel system
Package babel Info: Hyphen rules for 'brazil' set to \l@portuguese
(babel)             (\language40). Reported on input line 111.
Package babel Info: Making " an active character on input line 143.
)) (/nix/store/rifmj3dc59iacxav3bvqqs51ka2hdbix-texlive-combined-2023-texmfdist/tex/latex/base/fontenc.sty
Package: fontenc 2021/04/29 v2.0v Standard LaTeX package
)
./presentation.tex:5: Undefined control sequence.
<recently read> \usetikzlibrary 
                                
l.5 \usetikzlibrary
                   {positioning}
The control sequence at the end of the top line
of your error message was never \def'ed. If you have
misspelled it (e.g., `\hobx'), type `I' and the correct
spelling (e.g., `I\hbox'). Otherwise just continue,
and I'll forget about whatever was undefined.


./presentation.tex:5: LaTeX Error: Missing \begin{document}.

See the LaTeX manual or LaTeX Companion for explanation.
Type  H <return>  for immediate help.
 ...                                              
                                                  
l.5 \usetikzlibrary{p
                     ositioning}
You're in trouble here.  Try typing  <return>  to proceed.
If that doesn't work, type  X <return>  to quit.

(/nix/store/rifmj3dc59iacxav3bvqqs51ka2hdbix-texlive-combined-2023-texmfdist/tex/latex/twemojis/twemojis.sty
Package: twemojis 2022/03/30 v1.3.1 LaTeX twemojis (twemoji v14.0.1)
 (/nix/store/rifmj3dc59iacxav3bvqqs51ka2hdbix-texlive-combined-2023-texmfdist/tex/latex/pgf/frontendlayer/tikz.sty (/nix/store/rifmj3dc59iacxav3bvqqs51ka2hdbix-texlive-combined-2023-texmfdist/tex/latex/pgf/basiclayer/pgf.sty
Package: pgf 2023-01-15 v3.1.10 (3.1.10)
 (/nix/store/rifmj3dc59iacxav3bvqqs51ka2hdbix-texlive-combined-2023-texmfdist/tex/generic/pgf/modules/pgfmoduleshapes.code.tex
File: pgfmoduleshapes.code.tex 2023-01-15 v3.1.10 (3.1.10)
\pgfnodeparttextbox=\box76
) (/nix/store/rifmj3dc59iacxav3bvqqs51ka2hdbix-texlive-combined-2023-texmfdist/tex/generic/pgf/modules/pgfmoduleplot.code.tex
File: pgfmoduleplot.code.tex 2023-01-15 v3.1.10 (3.1.10)
) (/nix/store/rifmj3dc59iacxav3bvqqs51ka2hdbix-texlive-combined-2023-texmfdist/tex/latex/pgf/compatibility/pgfcomp-version-0-65.sty
Package: pgfcomp-version-0-65 2023-01-15 v3.1.10 (3.1.10)
\pgf@nodesepstart=\dimen295
\pgf@nodesepend=\dimen296
) (/nix/store/rifmj3dc59iacxav3bvqqs51ka2hdbix-texlive-combined-2023-texmfdist/tex/latex/pgf/compatibility/pgfcomp-version-1-18.sty
Package: pgfcomp-version-1-18 2023-01-15 v3.1.10 (3.1.10)
)) (/nix/store/rifmj3dc59iacxav3bvqqs51ka2hdbix-texlive-combined-2023-texmfdist/tex/latex/pgf/utilities/pgffor.sty (/nix/store/rifmj3dc59iacxav3bvqqs51ka2hdbix-texlive-combined-2023-texmfdist/tex/generic/pgf/utilities/pgffor.code.tex
Package: pgffor 2023-01-15 v3.1.10 (3.1.10)
\pgffor@iter=\dimen297
\pgffor@skip=\dimen298
\pgffor@stack=\toks48
\pgffor@toks=\toks49
)) (/nix/store/rifmj3dc59iacxav3bvqqs51ka2hdbix-texlive-combined-2023-texmfdist/tex/generic/pgf/frontendlayer/tikz/tikz.code.tex
Package: tikz 2023-01-15 v3.1.10 (3.1.10)
 (/nix/store/rifmj3dc59iacxav3bvqqs51ka2hdbix-texlive-combined-2023-texmfdist/tex/generic/pgf/libraries/pgflibraryplothandlers.code.tex
File: pgflibraryplothandlers.code.tex 2023-01-15 v3.1.10 (3.1.10)
\pgf@plot@mark@count=\count339
\pgfplotmarksize=\dimen299
)
\tikz@lastx=\dimen300
\tikz@lasty=\dimen301
\tikz@lastxsaved=\dimen302
\tikz@lastysaved=\dimen303
\tikz@lastmovetox=\dimen304
\tikz@lastmovetoy=\dimen305
\tikzleveldistance=\dimen306
\tikzsiblingdistance=\dimen307
\tikz@figbox=\box77
\tikz@figbox@bg=\box78
\tikz@tempbox=\box79
\tikz@tempbox@bg=\box80
\tikztreelevel=\count340
\tikznumberofchildren=\count341
\tikznumberofcurrentchild=\count342
\tikz@fig@count=\count343
 (/nix/store/rifmj3dc59iacxav3bvqqs51ka2hdbix-texlive-combined-2023-texmfdist/tex/generic/pgf/modules/pgfmodulematrix.code.tex
File: pgfmodulematrix.code.tex 2023-01-15 v3.1.10 (3.1.10)
\pgfmatrixcurrentrow=\count344
\pgfmatrixcurrentcolumn=\count345
\pgf@matrix@numberofcolumns=\count346
)
\tikz@expandcount=\count347
 (/nix/store/rifmj3dc59iacxav3bvqqs51ka2hdbix-texlive-combined-2023-texmfdist/tex/generic/pgf/frontendlayer/tikz/libraries/tikzlibrarytopaths.code.tex
File: tikzlibrarytopaths.code.tex 2023-01-15 v3.1.10 (3.1.10)
))) (/nix/store/rifmj3dc59iacxav3bvqqs51ka2hdbix-texlive-combined-2023-texmfdist/tex/latex/base/ifthen.sty
Package: ifthen 2022/04/13 v1.1d Standard LaTeX ifthen package (DPC)
)
\twemojiDefaultHeight=\skip65
) (/nix/store/rifmj3dc59iacxav3bvqqs51ka2hdbix-texlive-combined-2023-texmfdist/tex/latex/beamer/beamerthemeMadrid.sty (/nix/store/rifmj3dc59iacxav3bvqqs51ka2hdbix-texlive-combined-2023-texmfdist/tex/latex/beamer/beamercolorthemewhale.sty)
(/nix/store/rifmj3dc59iacxav3bvqqs51ka2hdbix-texlive-combined-2023-texmfdist/tex/latex/beamer/beamercolorthemeorchid.sty) (/nix/store/rifmj3dc59iacxav3bvqqs51ka2hdbix-texlive-combined-2023-texmfdist/tex/latex/beamer/beamerinnerthemerounded.sty) (/nix/store/rifmj3dc59iacxav3bvqqs51ka2hdbix-texlive-combined-2023-texmfdist/tex/latex/beamer/beamerouterthemeinfolines.sty))

Package hyperref Warning: Token not allowed in a PDF string (Unicode):
(hyperref)                removing `\<let>-command' on input line 43.


Package hyperref Warning: Token not allowed in a PDF string (Unicode):
(hyperref)                removing `\@halignto' on input line 43.


Package hyperref Warning: Token not allowed in a PDF string (Unicode):
(hyperref)                removing `\hbox' on input line 43.


Package hyperref Warning: Token not allowed in a PDF string (Unicode):
(hyperref)                removing `math shift' on input line 43.


Package hyperref Warning: Token not allowed in a PDF string (Unicode):
(hyperref)                removing `\<let>-command' on input line 43.


Package hyperref Warning: Token not allowed in a PDF string (Unicode):
(hyperref)                removing `\@acol' on input line 43.


Package hyperref Warning: Token not allowed in a PDF string (Unicode):
(hyperref)                removing `\<def>-command' on input line 43.


Package hyperref Warning: Token not allowed in a PDF string (Unicode):
(hyperref)                removing `\@preamble' on input line 43.


Package hyperref Warning: Token not allowed in a PDF string (Unicode):
(hyperref)                removing `\<let>-command' on input line 43.


Package hyperref Warning: Token not allowed in a PDF string (Unicode):
(hyperref)                removing `\@classz' on input line 43.


Package hyperref Warning: Token not allowed in a PDF string (Unicode):
(hyperref)                removing `\@acol' on input line 43.


Package hyperref Warning: Token not allowed in a PDF string (Unicode):
(hyperref)                removing `\<def>-command' on input line 43.


Package hyperref Warning: Token not allowed in a PDF string (Unicode):
(hyperref)                removing `\@preamble' on input line 43.


Package hyperref Warning: Token not allowed in a PDF string (Unicode):
(hyperref)                removing `\@acol' on input line 43.


Package hyperref Warning: Token not allowed in a PDF string (Unicode):
(hyperref)                removing `\<def>-command' on input line 43.


Package hyperref Warning: Token not allowed in a PDF string (Unicode):
(hyperref)                removing `\@preamble' on input line 43.


Package hyperref Warning: Token not allowed in a PDF string (Unicode):
(hyperref)                removing `\<let>-command' on input line 43.


Package hyperref Warning: Token not allowed in a PDF string (Unicode):
(hyperref)                removing `\@classiv' on input line 43.


Package hyperref Warning: Token not allowed in a PDF string (Unicode):
(hyperref)                removing `\<def>-command' on input line 43.


Package hyperref Warning: Token not allowed in a PDF string (Unicode):
(hyperref)                removing `\@preamble' on input line 43.


Package hyperref Warning: Token not allowed in a PDF string (Unicode):
(hyperref)                removing `\<let>-command' on input line 43.


Package hyperref Warning: Token not allowed in a PDF string (Unicode):
(hyperref)                removing `\\' on input line 43.


Package hyperref Warning: Token not allowed in a PDF string (Unicode):
(hyperref)                removing `\@tabularcr' on input line 43.


Package hyperref Warning: Token not allowed in a PDF string (Unicode):
(hyperref)                removing `\mathsurround' on input line 43.


Package hyperref Warning: Token not allowed in a PDF string (Unicode):
(hyperref)                removing `\z@' on input line 43.


Package hyperref Warning: Token not allowed in a PDF string (Unicode):
(hyperref)                removing `\@ifnextchar' on input line 43.


Package hyperref Warning: Token not allowed in a PDF string (Unicode):
(hyperref)                removing `\noalign' on input line 43.


Package hyperref Warning: Token not allowed in a PDF string (Unicode):
(hyperref)                removing `\hrule' on input line 43.


Package hyperref Warning: Token not allowed in a PDF string (Unicode):
(hyperref)                removing `\arrayrulewidth' on input line 43.


Package hyperref Warning: Token not allowed in a PDF string (Unicode):
(hyperref)                removing `\<let>-command' on input line 43.


Package hyperref Warning: Token not allowed in a PDF string (Unicode):
(hyperref)                removing `\reserved@a' on input line 43.


Package hyperref Warning: Token not allowed in a PDF string (Unicode):
(hyperref)                removing `alignment tab' on input line 43.


Package hyperref Warning: Token not allowed in a PDF string (Unicode):
(hyperref)                removing `\\' on input line 43.


Package hyperref Warning: Token not allowed in a PDF string (Unicode):
(hyperref)                removing `\noalign' on input line 43.


Package hyperref Warning: Token not allowed in a PDF string (Unicode):
(hyperref)                removing `\hrule' on input line 43.


Package hyperref Warning: Token not allowed in a PDF string (Unicode):
(hyperref)                removing `\arrayrulewidth' on input line 43.


Package hyperref Warning: Token not allowed in a PDF string (Unicode):
(hyperref)                removing `\<let>-command' on input line 43.


Package hyperref Warning: Token not allowed in a PDF string (Unicode):
(hyperref)                removing `\reserved@a' on input line 43.


Package hyperref Warning: Token not allowed in a PDF string (Unicode):
(hyperref)                removing `alignment tab' on input line 43.


Package hyperref Warning: Token not allowed in a PDF string (Unicode):
(hyperref)                removing `\\' on input line 43.


Package hyperref Warning: Token not allowed in a PDF string (Unicode):
(hyperref)                removing `alignment tab' on input line 43.


Package hyperref Warning: Token not allowed in a PDF string (Unicode):
(hyperref)                removing `\\' on input line 43.


Package hyperref Warning: Token not allowed in a PDF string (Unicode):
(hyperref)                removing `alignment tab' on input line 43.


Package hyperref Warning: Token not allowed in a PDF string (Unicode):
(hyperref)                removing `\\' on input line 43.


Package hyperref Warning: Token not allowed in a PDF string (Unicode):
(hyperref)                removing `alignment tab' on input line 43.


Package hyperref Warning: Token not allowed in a PDF string (Unicode):
(hyperref)                removing `\\' on input line 43.


Package hyperref Warning: Token not allowed in a PDF string (Unicode):
(hyperref)                removing `alignment tab' on input line 43.


Package hyperref Warning: Token not allowed in a PDF string (Unicode):
(hyperref)                removing `\\' on input line 43.


Package hyperref Warning: Token not allowed in a PDF string (Unicode):
(hyperref)                removing `\crcr' on input line 43.


Package hyperref Warning: Token not allowed in a PDF string (Unicode):
(hyperref)                removing `math shift' on input line 43.

(/nix/store/rifmj3dc59iacxav3bvqqs51ka2hdbix-texlive-combined-2023-texmfdist/tex/latex/l3backend/l3backend-pdftex.def
File: l3backend-pdftex.def 2024-02-20 L3 backend support: PDF output (pdfTeX)
\l__color_backend_stack_int=\count348
\l__pdf_internal_box=\box81
) (./presentation.aux)
\openout1 = `presentation.aux'.

LaTeX Font Info:    Checking defaults for OML/cmm/m/it on input line 51.
LaTeX Font Info:    ... okay on input line 51.
LaTeX Font Info:    Checking defaults for OMS/cmsy/m/n on input line 51.
LaTeX Font Info:    ... okay on input line 51.
LaTeX Font Info:    Checking defaults for OT1/cmr/m/n on input line 51.
LaTeX Font Info:    ... okay on input line 51.
LaTeX Font Info:    Checking defaults for T1/cmr/m/n on input line 51.
LaTeX Font Info:    ... okay on input line 51.
LaTeX Font Info:    Checking defaults for TS1/cmr/m/n on input line 51.
LaTeX Font Info:    ... okay on input line 51.
LaTeX Font Info:    Checking defaults for OMX/cmex/m/n on input line 51.
LaTeX Font Info:    ... okay on input line 51.
LaTeX Font Info:    Checking defaults for U/cmr/m/n on input line 51.
LaTeX Font Info:    ... okay on input line 51.
LaTeX Font Info:    Checking defaults for PD1/pdf/m/n on input line 51.
LaTeX Font Info:    ... okay on input line 51.
LaTeX Font Info:    Checking defaults for PU/pdf/m/n on input line 51.
LaTeX Font Info:    ... okay on input line 51.

*geometry* driver: auto-detecting
*geometry* detected driver: pdftex
*geometry* verbose mode - [ preamble ] result:
* driver: pdftex
* paper: custom
* layout: <same size as paper>
* layoutoffset:(h,v)=(0.0pt,0.0pt)
* modes: includehead includefoot 
* h-part:(L,W,R)=(10.88002pt, 342.43532pt, 10.88002pt)
* v-part:(T,H,B)=(0.0pt, 273.14662pt, 0.0pt)
* \paperwidth=364.19536pt
* \paperheight=273.14662pt
* \textwidth=342.43532pt
* \textheight=244.6939pt
* \oddsidemargin=-61.38997pt
* \evensidemargin=-61.38997pt
* \topmargin=-72.26999pt
* \headheight=14.22636pt
* \headsep=0.0pt
* \topskip=11.0pt
* \footskip=14.22636pt
* \marginparwidth=4.0pt
* \marginparsep=10.0pt
* \columnsep=10.0pt
* \skip\footins=10.0pt plus 4.0pt minus 2.0pt
* \hoffset=0.0pt
* \voffset=0.0pt
* \mag=1000
* \@twocolumnfalse
* \@twosidefalse
* \@mparswitchfalse
* \@reversemarginfalse
* (1in=72.27pt=25.4mm, 1cm=28.453pt)

(/nix/store/rifmj3dc59iacxav3bvqqs51ka2hdbix-texlive-combined-2023-texmfdist/tex/context/base/mkii/supp-pdf.mkii
[Loading MPS to PDF converter (version 2006.09.02).]
\scratchcounter=\count349
\scratchdimen=\dimen308
\scratchbox=\box82
\nofMPsegments=\count350
\nofMParguments=\count351
\everyMPshowfont=\toks50
\MPscratchCnt=\count352
\MPscratchDim=\dimen309
\MPnumerator=\count353
\makeMPintoPDFobject=\count354
\everyMPtoPDFconversion=\toks51
) (/nix/store/rifmj3dc59iacxav3bvqqs51ka2hdbix-texlive-combined-2023-texmfdist/tex/latex/epstopdf-pkg/epstopdf-base.sty
Package: epstopdf-base 2020-01-24 v2.11 Base part for package epstopdf
Package epstopdf-base Info: Redefining graphics rule for `.eps' on input line 485.
 (/nix/store/rifmj3dc59iacxav3bvqqs51ka2hdbix-texlive-combined-2023-texmfdist/tex/latex/latexconfig/epstopdf-sys.cfg
File: epstopdf-sys.cfg 2010/07/13 v1.3 Configuration of (r)epstopdf for TeX Live
))
Package hyperref Info: Link coloring OFF on input line 51.
 (./presentation.out) (./presentation.out)
\@outlinefile=\write5
\openout5 = `presentation.out'.

LaTeX Font Info:    Overwriting symbol font `operators' in version `normal'
(Font)                  OT1/cmr/m/n --> OT1/cmss/m/n on input line 51.
LaTeX Font Info:    Overwriting symbol font `operators' in version `bold'
(Font)                  OT1/cmr/bx/n --> OT1/cmss/b/n on input line 51.
\symnumbers=\mathgroup6
\sympureletters=\mathgroup7
LaTeX Font Info:    Overwriting math alphabet `\mathrm' in version `normal'
(Font)                  OT1/cmss/m/n --> T1/cmr/m/n on input line 51.
LaTeX Font Info:    Redeclaring math alphabet \mathbf on input line 51.
LaTeX Font Info:    Overwriting math alphabet `\mathbf' in version `normal'
(Font)                  OT1/cmr/bx/n --> T1/cmss/b/n on input line 51.
LaTeX Font Info:    Overwriting math alphabet `\mathbf' in version `bold'
(Font)                  OT1/cmr/bx/n --> T1/cmss/b/n on input line 51.
LaTeX Font Info:    Redeclaring math alphabet \mathsf on input line 51.
LaTeX Font Info:    Overwriting math alphabet `\mathsf' in version `normal'
(Font)                  OT1/cmss/m/n --> T1/cmss/m/n on input line 51.
LaTeX Font Info:    Overwriting math alphabet `\mathsf' in version `bold'
(Font)                  OT1/cmss/bx/n --> T1/cmss/m/n on input line 51.
LaTeX Font Info:    Redeclaring math alphabet \mathit on input line 51.
LaTeX Font Info:    Overwriting math alphabet `\mathit' in version `normal'
(Font)                  OT1/cmr/m/it --> T1/cmss/m/it on input line 51.
LaTeX Font Info:    Overwriting math alphabet `\mathit' in version `bold'
(Font)                  OT1/cmr/bx/it --> T1/cmss/m/it on input line 51.
LaTeX Font Info:    Redeclaring math alphabet \mathtt on input line 51.
LaTeX Font Info:    Overwriting math alphabet `\mathtt' in version `normal'
(Font)                  OT1/cmtt/m/n --> T1/cmtt/m/n on input line 51.
LaTeX Font Info:    Overwriting math alphabet `\mathtt' in version `bold'
(Font)                  OT1/cmtt/m/n --> T1/cmtt/m/n on input line 51.
LaTeX Font Info:    Overwriting symbol font `numbers' in version `bold'
(Font)                  T1/cmss/m/n --> T1/cmss/b/n on input line 51.
LaTeX Font Info:    Overwriting symbol font `pureletters' in version `bold'
(Font)                  T1/cmss/m/it --> T1/cmss/b/it on input line 51.
LaTeX Font Info:    Overwriting math alphabet `\mathrm' in version `bold'
(Font)                  OT1/cmss/b/n --> T1/cmr/b/n on input line 51.
LaTeX Font Info:    Overwriting math alphabet `\mathbf' in version `bold'
(Font)                  T1/cmss/b/n --> T1/cmss/b/n on input line 51.
LaTeX Font Info:    Overwriting math alphabet `\mathsf' in version `bold'
(Font)                  T1/cmss/m/n --> T1/cmss/b/n on input line 51.
LaTeX Font Info:    Overwriting math alphabet `\mathit' in version `bold'
(Font)                  T1/cmss/m/it --> T1/cmss/b/it on input line 51.
LaTeX Font Info:    Overwriting math alphabet `\mathtt' in version `bold'
(Font)                  T1/cmtt/m/n --> T1/cmtt/b/n on input line 51.
 (/nix/store/rifmj3dc59iacxav3bvqqs51ka2hdbix-texlive-combined-2023-texmfdist/tex/latex/translator/translator-basic-dictionary-English.dict
Dictionary: translator-basic-dictionary, Language: English 
) (/nix/store/rifmj3dc59iacxav3bvqqs51ka2hdbix-texlive-combined-2023-texmfdist/tex/latex/translator/translator-bibliography-dictionary-English.dict
Dictionary: translator-bibliography-dictionary, Language: English 
) (/nix/store/rifmj3dc59iacxav3bvqqs51ka2hdbix-texlive-combined-2023-texmfdist/tex/latex/translator/translator-environment-dictionary-English.dict
Dictionary: translator-environment-dictionary, Language: English 
) (/nix/store/rifmj3dc59iacxav3bvqqs51ka2hdbix-texlive-combined-2023-texmfdist/tex/latex/translator/translator-months-dictionary-English.dict
Dictionary: translator-months-dictionary, Language: English 
) (/nix/store/rifmj3dc59iacxav3bvqqs51ka2hdbix-texlive-combined-2023-texmfdist/tex/latex/translator/translator-numbers-dictionary-English.dict
Dictionary: translator-numbers-dictionary, Language: English 
) (/nix/store/rifmj3dc59iacxav3bvqqs51ka2hdbix-texlive-combined-2023-texmfdist/tex/latex/translator/translator-theorem-dictionary-English.dict
Dictionary: translator-theorem-dictionary, Language: English 
) (./presentation.nav)
LaTeX Font Info:    Trying to load font information for U+msa on input line 55.
 (/nix/store/rifmj3dc59iacxav3bvqqs51ka2hdbix-texlive-combined-2023-texmfdist/tex/latex/amsfonts/umsa.fd
File: umsa.fd 2013/01/14 v3.01 AMS symbols A
)
LaTeX Font Info:    Trying to load font information for U+msb on input line 55.
 (/nix/store/rifmj3dc59iacxav3bvqqs51ka2hdbix-texlive-combined-2023-texmfdist/tex/latex/amsfonts/umsb.fd
File: umsb.fd 2013/01/14 v3.01 AMS symbols B
)
Overfull \vbox (14.12863pt too high) has occurred while \output is active []

 [1

{/nix/store/nmah31sh18vqq255741hz8db020alw6r-texlive-combined-2023/share/texmf-var/fonts/map/pdftex/updmap/pdftex.map}{/nix/store/rifmj3dc59iacxav3bvqqs51ka2hdbix-texlive-combined-2023-texmfdist/fonts/enc/dvips/cm-super/cm-super-t1.enc}] [2

] [3

] [4

] [5

] [6

] [7

] [8

] [9

] [10

] [11

]
<images/memoria_pilha.png, id=123, 346.29375pt x 272.217pt>
File: images/memoria_pilha.png Graphic file (type png)
<use images/memoria_pilha.png>
Package pdftex.def Info: images/memoria_pilha.png  used on input line 119.
(pdftex.def)             Requested size: 154.09483pt x 121.1341pt.
 [12

 <./images/memoria_pilha.png>]
File: images/memoria_pilha.png Graphic file (type png)
<use images/memoria_pilha.png>
Package pdftex.def Info: images/memoria_pilha.png  used on input line 119.
(pdftex.def)             Requested size: 154.09483pt x 121.1341pt.
 [13

]
<images/memoria_verde.png, id=139, 271.0125pt x 215.6055pt>
File: images/memoria_verde.png Graphic file (type png)
<use images/memoria_verde.png>
Package pdftex.def Info: images/memoria_verde.png  used on input line 133.
(pdftex.def)             Requested size: 154.09483pt x 122.59373pt.
 [14

 <./images/memoria_verde.png>] [15

] [16

]
./presentation.tex:214: Misplaced \noalign.
\hline ->\noalign 
                  {\ifnum 0=`}\fi \hrule \@height \arrayrulewidth \futurelet...
l.214 }
       
I expect to see \noalign only after the \cr of
an alignment. Proceed, and I'll ignore this case.

./presentation.tex:214: You can't use `\hrule' here except with leaders.
\hline ->\noalign {\ifnum 0=`}\fi \hrule 
                                         \@height \arrayrulewidth \futurelet...
l.214 }
       
To put a horizontal rule in an hbox or an alignment,
you should use \leaders or \hrulefill (see The TeXbook).

./presentation.tex:214: Missing number, treated as zero.
<to be read again> 
                   \futurelet 
l.214 }
       
A number should have been here; I inserted `0'.
(If you can't figure out why I needed to see a number,
look up `weird error' in the index to The TeXbook.)

./presentation.tex:214: Illegal unit of measure (pt inserted).
<to be read again> 
                   \futurelet 
l.214 }
       
Dimensions can be in units of em, ex, in, pt, pc,
cm, mm, dd, cc, nd, nc, bp, or sp; but yours is a new one!
I'll assume that you meant to say pt, for printer's points.
To recover gracefully from this error, it's best to
delete the erroneous units; e.g., type `2' to delete
two letters. (See Chapter 27 of The TeXbook.)


./presentation.tex:214: Package PGF Math Error: Unknown operator `o' or `of' (in '0.3cm of main').

See the PGF Math package documentation for explanation.
Type  H <return>  for immediate help.
 ...                                              
                                                  
l.214 }
       
This error message was generated by an \errmessage
command, so I can't give any explicit help.
Pretend that you're Hercule Poirot: Examine all clues,
and deduce the truth by order and method.

./presentation.tex:214: Misplaced \noalign.
\hline ->\noalign 
                  {\ifnum 0=`}\fi \hrule \@height \arrayrulewidth \futurelet...
l.214 }
       
I expect to see \noalign only after the \cr of
an alignment. Proceed, and I'll ignore this case.

./presentation.tex:214: You can't use `\hrule' here except with leaders.
\hline ->\noalign {\ifnum 0=`}\fi \hrule 
                                         \@height \arrayrulewidth \futurelet...
l.214 }
       
To put a horizontal rule in an hbox or an alignment,
you should use \leaders or \hrulefill (see The TeXbook).

./presentation.tex:214: Missing number, treated as zero.
<to be read again> 
                   \futurelet 
l.214 }
       
A number should have been here; I inserted `0'.
(If you can't figure out why I needed to see a number,
look up `weird error' in the index to The TeXbook.)

./presentation.tex:214: Illegal unit of measure (pt inserted).
<to be read again> 
                   \futurelet 
l.214 }
       
Dimensions can be in units of em, ex, in, pt, pc,
cm, mm, dd, cc, nd, nc, bp, or sp; but yours is a new one!
I'll assume that you meant to say pt, for printer's points.
To recover gracefully from this error, it's best to
delete the erroneous units; e.g., type `2' to delete
two letters. (See Chapter 27 of The TeXbook.)


./presentation.tex:214: Package PGF Math Error: Unknown operator `o' or `of' (in '0.3cm of func1').

See the PGF Math package documentation for explanation.
Type  H <return>  for immediate help.
 ...                                              
                                                  
l.214 }
       
(That was another \errmessage.)

./presentation.tex:214: Misplaced \noalign.
\hline ->\noalign 
                  {\ifnum 0=`}\fi \hrule \@height \arrayrulewidth \futurelet...
l.214 }
       
I expect to see \noalign only after the \cr of
an alignment. Proceed, and I'll ignore this case.

./presentation.tex:214: You can't use `\hrule' here except with leaders.
\hline ->\noalign {\ifnum 0=`}\fi \hrule 
                                         \@height \arrayrulewidth \futurelet...
l.214 }
       
To put a horizontal rule in an hbox or an alignment,
you should use \leaders or \hrulefill (see The TeXbook).

./presentation.tex:214: Missing number, treated as zero.
<to be read again> 
                   \futurelet 
l.214 }
       
A number should have been here; I inserted `0'.
(If you can't figure out why I needed to see a number,
look up `weird error' in the index to The TeXbook.)

./presentation.tex:214: Illegal unit of measure (pt inserted).
<to be read again> 
                   \futurelet 
l.214 }
       
Dimensions can be in units of em, ex, in, pt, pc,
cm, mm, dd, cc, nd, nc, bp, or sp; but yours is a new one!
I'll assume that you meant to say pt, for printer's points.
To recover gracefully from this error, it's best to
delete the erroneous units; e.g., type `2' to delete
two letters. (See Chapter 27 of The TeXbook.)


./presentation.tex:214: Package PGF Math Error: Unknown operator `a' or `an' (in '0.5cm and 1cm of main').

See the PGF Math package documentation for explanation.
Type  H <return>  for immediate help.
 ...                                              
                                                  
l.214 }
       
(That was another \errmessage.)


./presentation.tex:214: Package PGF Math Error: Unknown operator `a' or `an' (in '0.5cm and 1cm of main').

See the PGF Math package documentation for explanation.
Type  H <return>  for immediate help.
 ...                                              
                                                  
l.214 }
       
(That was another \errmessage.)

LaTeX Font Info:    Trying to load font information for T1+cmtt on input line 214.
(/nix/store/rifmj3dc59iacxav3bvqqs51ka2hdbix-texlive-combined-2023-texmfdist/tex/latex/base/t1cmtt.fd
File: t1cmtt.fd 2023/04/13 v2.5m Standard LaTeX font definitions
)

./presentation.tex:214: Package PGF Math Error: Unknown operator `o' or `of' (in '1.2cm of func1').

See the PGF Math package documentation for explanation.
Type  H <return>  for immediate help.
 ...                                              
                                                  
l.214 }
       
(That was another \errmessage.)


./presentation.tex:214: Package PGF Math Error: Unknown operator `a' or `an' (in '0.5cm and 1cm of func2').

See the PGF Math package documentation for explanation.
Type  H <return>  for immediate help.
 ...                                              
                                                  
l.214 }
       
(That was another \errmessage.)


./presentation.tex:214: Package PGF Math Error: Unknown operator `a' or `an' (in '0.5cm and 1cm of func2').

See the PGF Math package documentation for explanation.
Type  H <return>  for immediate help.
 ...                                              
                                                  
l.214 }
       
(That was another \errmessage.)

[17

] [18

] [19

] [20

] [21

] [22

] [23

] [24

] [25

] [26

] [27

] [28

] [29

] [30

] [31

] [32

] [33

] [34

] [35

] [36

] [37

] [38

] [39

] [40

] [41

] [42

] [43

] [44

] [45

]
<all-twemojis.pdf, id=339, page=783, 27.10126pt x 27.10126pt>
File: all-twemojis.pdf Graphic file (type pdf)
<use all-twemojis.pdf, page 783>
Package pdftex.def Info: all-twemojis.pdf , page783 used on input line 374.
(pdftex.def)             Requested size: 7.60318pt x 7.60329pt.
 [46

 </nix/store/rifmj3dc59iacxav3bvqqs51ka2hdbix-texlive-combined-2023-texmfdist/tex/latex/twemojis/all-twemojis.pdf>]
File: all-twemojis.pdf Graphic file (type pdf)
<use all-twemojis.pdf, page 783>
Package pdftex.def Info: all-twemojis.pdf , page783 used on input line 374.
(pdftex.def)             Requested size: 7.60318pt x 7.60329pt.
 [47

]
File: all-twemojis.pdf Graphic file (type pdf)
<use all-twemojis.pdf, page 783>
Package pdftex.def Info: all-twemojis.pdf , page783 used on input line 374.
(pdftex.def)             Requested size: 7.60318pt x 7.60329pt.
 [48

]
\tf@nav=\write6
\openout6 = `presentation.nav'.

\tf@toc=\write7
\openout7 = `presentation.toc'.

\tf@snm=\write8
\openout8 = `presentation.snm'.

 (./presentation.aux)
 ***********
LaTeX2e <2023-11-01> patch level 1
L3 programming layer <2024-02-20>
 ***********
Package rerunfilecheck Info: File `presentation.out' has not changed.
(rerunfilecheck)             Checksum: A075697B44659980220E2B16BFE25C37;991.
 ) 
Here is how much of TeX's memory you used:
 34637 strings out of 475230
 758783 string characters out of 5751327
 1936187 words of memory out of 5000000
 56208 multiletter control sequences out of 15000+600000
 577679 words of font info for 77 fonts, out of 8000000 for 9000
 430 hyphenation exceptions out of 8191
 101i,12n,107p,414b,753s stack positions out of 10000i,1000n,20000p,200000b,200000s
</nix/store/rifmj3dc59iacxav3bvqqs51ka2hdbix-texlive-combined-2023-texmfdist/fonts/type1/public/amsfonts/cm/cmsy8.pfb></nix/store/rifmj3dc59iacxav3bvqqs51ka2hdbix-texlive-combined-2023-texmfdist/fonts/type1/public/cm-super/sfsi0900.pfb></nix/store/rifmj3dc59iacxav3bvqqs51ka2hdbix-texlive-combined-2023-texmfdist/fonts/type1/public/cm-super/sfsi1000.pfb></nix/store/rifmj3dc59iacxav3bvqqs51ka2hdbix-texlive-combined-2023-texmfdist/fonts/type1/public/cm-super/sfsi1095.pfb></nix/store/rifmj3dc59iacxav3bvqqs51ka2hdbix-texlive-combined-2023-texmfdist/fonts/type1/public/cm-super/sfss0600.pfb></nix/store/rifmj3dc59iacxav3bvqqs51ka2hdbix-texlive-combined-2023-texmfdist/fonts/type1/public/cm-super/sfss0800.pfb></nix/store/rifmj3dc59iacxav3bvqqs51ka2hdbix-texlive-combined-2023-texmfdist/fonts/type1/public/cm-super/sfss0900.pfb></nix/store/rifmj3dc59iacxav3bvqqs51ka2hdbix-texlive-combined-2023-texmfdist/fonts/type1/public/cm-super/sfss1000.pfb></nix/store/rifmj3dc59iacxav3bvqqs51ka2hdbix-texlive-combined-2023-texmfdist/fonts/type1/public/cm-super/sfss1095.pfb></nix/store/rifmj3dc59iacxav3bvqqs51ka2hdbix-texlive-combined-2023-texmfdist/fonts/type1/public/cm-super/sfss1440.pfb></nix/store/rifmj3dc59iacxav3bvqqs51ka2hdbix-texlive-combined-2023-texmfdist/fonts/type1/public/cm-super/sfsx0800.pfb></nix/store/rifmj3dc59iacxav3bvqqs51ka2hdbix-texlive-combined-2023-texmfdist/fonts/type1/public/cm-super/sfsx1000.pfb></nix/store/rifmj3dc59iacxav3bvqqs51ka2hdbix-texlive-combined-2023-texmfdist/fonts/type1/public/cm-super/sfsx1095.pfb></nix/store/rifmj3dc59iacxav3bvqqs51ka2hdbix-texlive-combined-2023-texmfdist/fonts/type1/public/cm-super/sftt0800.pfb>
Output written on presentation.pdf (48 pages, 307522 bytes).
PDF statistics:
 445 PDF objects out of 1000 (max. 8388607)
 344 compressed objects within 4 object streams
 102 named destinations out of 1000 (max. 500000)
 146 words of extra memory for PDF output out of 10000 (max. 10000000)

