This is pdfTeX, Version 3.141592653-2.6-1.40.25 (TeX Live 2023/nixos.org) (preloaded format=pdflatex 1980.1.1)  9 APR 2025 19:06
entering extended mode
 restricted \write18 enabled.
 file:line:error style messages enabled.
 %&-line parsing enabled.
**exercises5.tex
(./exercises5.tex
LaTeX2e <2023-11-01> patch level 1
L3 programming layer <2024-02-20>
(../Preambulo/preamble.tex (/nix/store/7ci8dm0ph8pjqvg27c1r0n82wgqqand0-texlive-combined-2023-texmfdist/tex/latex/base/article.cls
Document Class: article 2023/05/17 v1.4n Standard LaTeX document class
(/nix/store/7ci8dm0ph8pjqvg27c1r0n82wgqqand0-texlive-combined-2023-texmfdist/tex/latex/base/size10.clo
File: size10.clo 2023/05/17 v1.4n Standard LaTeX file (size option)
)
\c@part=\count188
\c@section=\count189
\c@subsection=\count190
\c@subsubsection=\count191
\c@paragraph=\count192
\c@subparagraph=\count193
\c@figure=\count194
\c@table=\count195
\abovecaptionskip=\skip48
\belowcaptionskip=\skip49
\bibindent=\dimen140
) (/nix/store/7ci8dm0ph8pjqvg27c1r0n82wgqqand0-texlive-combined-2023-texmfdist/tex/generic/babel/babel.sty
Package: babel 2024/02/07 v24.2 The Babel package
\babel@savecnt=\count196
\U@D=\dimen141
\l@unhyphenated=\language50
 (/nix/store/7ci8dm0ph8pjqvg27c1r0n82wgqqand0-texlive-combined-2023-texmfdist/tex/generic/babel/txtbabel.def)
\bbl@readstream=\read2
\bbl@dirlevel=\count197
 (/nix/store/7ci8dm0ph8pjqvg27c1r0n82wgqqand0-texlive-combined-2023-texmfdist/tex/generic/babel-portuges/brazil.ldf
Language: portuges 2021/07/09 v1.2t Portuguese support from the babel system
Package babel Info: Hyphen rules for 'brazil' set to \l@portuguese
(babel)             (\language40). Reported on input line 111.
Package babel Info: Making " an active character on input line 143.
)) (/nix/store/7ci8dm0ph8pjqvg27c1r0n82wgqqand0-texlive-combined-2023-texmfdist/tex/latex/base/inputenc.sty
Package: inputenc 2021/02/14 v1.3d Input encoding file
\inpenc@prehook=\toks17
\inpenc@posthook=\toks18
) (/nix/store/7ci8dm0ph8pjqvg27c1r0n82wgqqand0-texlive-combined-2023-texmfdist/tex/latex/amsmath/amsmath.sty
Package: amsmath 2023/05/13 v2.17o AMS math features
\@mathmargin=\skip50

For additional information on amsmath, use the `?' option.
(/nix/store/7ci8dm0ph8pjqvg27c1r0n82wgqqand0-texlive-combined-2023-texmfdist/tex/latex/amsmath/amstext.sty
Package: amstext 2021/08/26 v2.01 AMS text
 (/nix/store/7ci8dm0ph8pjqvg27c1r0n82wgqqand0-texlive-combined-2023-texmfdist/tex/latex/amsmath/amsgen.sty
File: amsgen.sty 1999/11/30 v2.0 generic functions
\@emptytoks=\toks19
\ex@=\dimen142
)) (/nix/store/7ci8dm0ph8pjqvg27c1r0n82wgqqand0-texlive-combined-2023-texmfdist/tex/latex/amsmath/amsbsy.sty
Package: amsbsy 1999/11/29 v1.2d Bold Symbols
\pmbraise@=\dimen143
) (/nix/store/7ci8dm0ph8pjqvg27c1r0n82wgqqand0-texlive-combined-2023-texmfdist/tex/latex/amsmath/amsopn.sty
Package: amsopn 2022/04/08 v2.04 operator names
)
\inf@bad=\count198
LaTeX Info: Redefining \frac on input line 234.
\uproot@=\count199
\leftroot@=\count266
LaTeX Info: Redefining \overline on input line 399.
LaTeX Info: Redefining \colon on input line 410.
\classnum@=\count267
\DOTSCASE@=\count268
LaTeX Info: Redefining \ldots on input line 496.
LaTeX Info: Redefining \dots on input line 499.
LaTeX Info: Redefining \cdots on input line 620.
\Mathstrutbox@=\box51
\strutbox@=\box52
LaTeX Info: Redefining \big on input line 722.
LaTeX Info: Redefining \Big on input line 723.
LaTeX Info: Redefining \bigg on input line 724.
LaTeX Info: Redefining \Bigg on input line 725.
\big@size=\dimen144
LaTeX Font Info:    Redeclaring font encoding OML on input line 743.
LaTeX Font Info:    Redeclaring font encoding OMS on input line 744.
\macc@depth=\count269
LaTeX Info: Redefining \bmod on input line 905.
LaTeX Info: Redefining \pmod on input line 910.
LaTeX Info: Redefining \smash on input line 940.
LaTeX Info: Redefining \relbar on input line 970.
LaTeX Info: Redefining \Relbar on input line 971.
\c@MaxMatrixCols=\count270
\dotsspace@=\muskip16
\c@parentequation=\count271
\dspbrk@lvl=\count272
\tag@help=\toks20
\row@=\count273
\column@=\count274
\maxfields@=\count275
\andhelp@=\toks21
\eqnshift@=\dimen145
\alignsep@=\dimen146
\tagshift@=\dimen147
\tagwidth@=\dimen148
\totwidth@=\dimen149
\lineht@=\dimen150
\@envbody=\toks22
\multlinegap=\skip51
\multlinetaggap=\skip52
\mathdisplay@stack=\toks23
LaTeX Info: Redefining \[ on input line 2953.
LaTeX Info: Redefining \] on input line 2954.
) (/nix/store/7ci8dm0ph8pjqvg27c1r0n82wgqqand0-texlive-combined-2023-texmfdist/tex/latex/amsfonts/amssymb.sty
Package: amssymb 2013/01/14 v3.01 AMS font symbols
 (/nix/store/7ci8dm0ph8pjqvg27c1r0n82wgqqand0-texlive-combined-2023-texmfdist/tex/latex/amsfonts/amsfonts.sty
Package: amsfonts 2013/01/14 v3.01 Basic AMSFonts support
\symAMSa=\mathgroup4
\symAMSb=\mathgroup5
LaTeX Font Info:    Redeclaring math symbol \hbar on input line 98.
LaTeX Font Info:    Overwriting math alphabet `\mathfrak' in version `bold'
(Font)                  U/euf/m/n --> U/euf/b/n on input line 106.
)) (/nix/store/7ci8dm0ph8pjqvg27c1r0n82wgqqand0-texlive-combined-2023-texmfdist/tex/latex/biblatex/biblatex.sty
Package: biblatex 2023/03/05 v3.19 programmable bibliographies (PK/MW)
 (/nix/store/7ci8dm0ph8pjqvg27c1r0n82wgqqand0-texlive-combined-2023-texmfdist/tex/generic/pdftexcmds/pdftexcmds.sty
Package: pdftexcmds 2020-06-27 v0.33 Utility functions of pdfTeX for LuaTeX (HO)
 (/nix/store/7ci8dm0ph8pjqvg27c1r0n82wgqqand0-texlive-combined-2023-texmfdist/tex/generic/infwarerr/infwarerr.sty
Package: infwarerr 2019/12/03 v1.5 Providing info/warning/error messages (HO)
) (/nix/store/7ci8dm0ph8pjqvg27c1r0n82wgqqand0-texlive-combined-2023-texmfdist/tex/generic/iftex/iftex.sty
Package: iftex 2022/02/03 v1.0f TeX engine tests
) (/nix/store/7ci8dm0ph8pjqvg27c1r0n82wgqqand0-texlive-combined-2023-texmfdist/tex/generic/ltxcmds/ltxcmds.sty
Package: ltxcmds 2023-12-04 v1.26 LaTeX kernel commands for general use (HO)
)
Package pdftexcmds Info: \pdf@primitive is available.
Package pdftexcmds Info: \pdf@ifprimitive is available.
Package pdftexcmds Info: \pdfdraftmode found.
) (/nix/store/7ci8dm0ph8pjqvg27c1r0n82wgqqand0-texlive-combined-2023-texmfdist/tex/latex/etoolbox/etoolbox.sty
Package: etoolbox 2020/10/05 v2.5k e-TeX tools for LaTeX (JAW)
\etb@tempcnta=\count276
) (/nix/store/7ci8dm0ph8pjqvg27c1r0n82wgqqand0-texlive-combined-2023-texmfdist/tex/latex/graphics/keyval.sty
Package: keyval 2022/05/29 v1.15 key=value parser (DPC)
\KV@toks@=\toks24
) (/nix/store/7ci8dm0ph8pjqvg27c1r0n82wgqqand0-texlive-combined-2023-texmfdist/tex/latex/kvoptions/kvoptions.sty
Package: kvoptions 2022-06-15 v3.15 Key value format for package options (HO)
 (/nix/store/7ci8dm0ph8pjqvg27c1r0n82wgqqand0-texlive-combined-2023-texmfdist/tex/latex/kvsetkeys/kvsetkeys.sty
Package: kvsetkeys 2022-10-05 v1.19 Key value parser (HO)
)) (/nix/store/7ci8dm0ph8pjqvg27c1r0n82wgqqand0-texlive-combined-2023-texmfdist/tex/latex/logreq/logreq.sty
Package: logreq 2010/08/04 v1.0 xml request logger
\lrq@indent=\count277
 (/nix/store/7ci8dm0ph8pjqvg27c1r0n82wgqqand0-texlive-combined-2023-texmfdist/tex/latex/logreq/logreq.def
File: logreq.def 2010/08/04 v1.0 logreq spec v1.0
)) (/nix/store/7ci8dm0ph8pjqvg27c1r0n82wgqqand0-texlive-combined-2023-texmfdist/tex/latex/base/ifthen.sty
Package: ifthen 2022/04/13 v1.1d Standard LaTeX ifthen package (DPC)
)
(/nix/store/7ci8dm0ph8pjqvg27c1r0n82wgqqand0-texlive-combined-2023-texmfdist/tex/latex/url/url.sty
\Urlmuskip=\muskip17
Package: url 2013/09/16  ver 3.4  Verb mode for urls, etc.
)
\c@tabx@nest=\count278
\c@listtotal=\count279
\c@listcount=\count280
\c@liststart=\count281
\c@liststop=\count282
\c@citecount=\count283
\c@citetotal=\count284
\c@multicitecount=\count285
\c@multicitetotal=\count286
\c@instcount=\count287
\c@maxnames=\count288
\c@minnames=\count289
\c@maxitems=\count290
\c@minitems=\count291
\c@citecounter=\count292
\c@maxcitecounter=\count293
\c@savedcitecounter=\count294
\c@uniquelist=\count295
\c@uniquename=\count296
\c@refsection=\count297
\c@refsegment=\count298
\c@maxextratitle=\count299
\c@maxextratitleyear=\count300
\c@maxextraname=\count301
\c@maxextradate=\count302
\c@maxextraalpha=\count303
\c@abbrvpenalty=\count304
\c@highnamepenalty=\count305
\c@lownamepenalty=\count306
\c@maxparens=\count307
\c@parenlevel=\count308
\blx@tempcnta=\count309
\blx@tempcntb=\count310
\blx@tempcntc=\count311
\c@blx@maxsection=\count312
\blx@maxsegment@0=\count313
\blx@notetype=\count314
\blx@parenlevel@text=\count315
\blx@parenlevel@foot=\count316
\blx@sectionciteorder@0=\count317
\blx@sectionciteorderinternal@0=\count318
\blx@entrysetcounter=\count319
\blx@biblioinstance=\count320
\labelnumberwidth=\skip53
\labelalphawidth=\skip54
\biblabelsep=\skip55
\bibitemsep=\skip56
\bibnamesep=\skip57
\bibinitsep=\skip58
\bibparsep=\skip59
\bibhang=\skip60
\blx@bcfin=\read3
\blx@bcfout=\write3
\blx@langwohyphens=\language51
\c@mincomprange=\count321
\c@maxcomprange=\count322
\c@mincompwidth=\count323
Package biblatex Info: Trying to load biblatex default data model...
Package biblatex Info: ... file 'blx-dm.def' found.
 (/nix/store/7ci8dm0ph8pjqvg27c1r0n82wgqqand0-texlive-combined-2023-texmfdist/tex/latex/biblatex/blx-dm.def
File: blx-dm.def 2023/03/05 v3.19 biblatex localization (PK/MW)
)
Package biblatex Info: Trying to load biblatex custom data model...
Package biblatex Info: ... file 'biblatex-dm.cfg' not found.
\c@afterword=\count324
\c@savedafterword=\count325
\c@annotator=\count326
\c@savedannotator=\count327
\c@author=\count328
\c@savedauthor=\count329
\c@bookauthor=\count330
\c@savedbookauthor=\count331
\c@commentator=\count332
\c@savedcommentator=\count333
\c@editor=\count334
\c@savededitor=\count335
\c@editora=\count336
\c@savededitora=\count337
\c@editorb=\count338
\c@savededitorb=\count339
\c@editorc=\count340
\c@savededitorc=\count341
\c@foreword=\count342
\c@savedforeword=\count343
\c@holder=\count344
\c@savedholder=\count345
\c@introduction=\count346
\c@savedintroduction=\count347
\c@namea=\count348
\c@savednamea=\count349
\c@nameb=\count350
\c@savednameb=\count351
\c@namec=\count352
\c@savednamec=\count353
\c@translator=\count354
\c@savedtranslator=\count355
\c@shortauthor=\count356
\c@savedshortauthor=\count357
\c@shorteditor=\count358
\c@savedshorteditor=\count359
\c@labelname=\count360
\c@savedlabelname=\count361
\c@institution=\count362
\c@savedinstitution=\count363
\c@lista=\count364
\c@savedlista=\count365
\c@listb=\count366
\c@savedlistb=\count367
\c@listc=\count368
\c@savedlistc=\count369
\c@listd=\count370
\c@savedlistd=\count371
\c@liste=\count372
\c@savedliste=\count373
\c@listf=\count374
\c@savedlistf=\count375
\c@location=\count376
\c@savedlocation=\count377
\c@organization=\count378
\c@savedorganization=\count379
\c@origlocation=\count380
\c@savedoriglocation=\count381
\c@origpublisher=\count382
\c@savedorigpublisher=\count383
\c@publisher=\count384
\c@savedpublisher=\count385
\c@language=\count386
\c@savedlanguage=\count387
\c@origlanguage=\count388
\c@savedoriglanguage=\count389
\c@pageref=\count390
\c@savedpageref=\count391
\shorthandwidth=\skip61
\shortjournalwidth=\skip62
\shortserieswidth=\skip63
\shorttitlewidth=\skip64
\shortauthorwidth=\skip65
\shorteditorwidth=\skip66
\locallabelnumberwidth=\skip67
\locallabelalphawidth=\skip68
\localshorthandwidth=\skip69
\localshortjournalwidth=\skip70
\localshortserieswidth=\skip71
\localshorttitlewidth=\skip72
\localshortauthorwidth=\skip73
\localshorteditorwidth=\skip74
Package biblatex Info: Trying to load compatibility code...
Package biblatex Info: ... file 'blx-compat.def' found.
 (/nix/store/7ci8dm0ph8pjqvg27c1r0n82wgqqand0-texlive-combined-2023-texmfdist/tex/latex/biblatex/blx-compat.def
File: blx-compat.def 2023/03/05 v3.19 biblatex compatibility (PK/MW)
)
Package biblatex Info: Trying to load generic definitions...
Package biblatex Info: ... file 'biblatex.def' found.
 (/nix/store/7ci8dm0ph8pjqvg27c1r0n82wgqqand0-texlive-combined-2023-texmfdist/tex/latex/biblatex/biblatex.def
File: biblatex.def 2023/03/05 v3.19 biblatex compatibility (PK/MW)
\c@textcitecount=\count392
\c@textcitetotal=\count393
\c@textcitemaxnames=\count394
\c@biburlbigbreakpenalty=\count395
\c@biburlbreakpenalty=\count396
\c@biburlnumpenalty=\count397
\c@biburlucpenalty=\count398
\c@biburllcpenalty=\count399
\biburlbigskip=\muskip18
\biburlnumskip=\muskip19
\biburlucskip=\muskip20
\biburllcskip=\muskip21
\c@smartand=\count400
)
Package biblatex Info: Trying to load bibliography style 'numeric'...
Package biblatex Info: ... file 'numeric.bbx' found.
 (/nix/store/7ci8dm0ph8pjqvg27c1r0n82wgqqand0-texlive-combined-2023-texmfdist/tex/latex/biblatex/bbx/numeric.bbx
File: numeric.bbx 2023/03/05 v3.19 biblatex bibliography style (PK/MW)
Package biblatex Info: Trying to load bibliography style 'standard'...
Package biblatex Info: ... file 'standard.bbx' found.
 (/nix/store/7ci8dm0ph8pjqvg27c1r0n82wgqqand0-texlive-combined-2023-texmfdist/tex/latex/biblatex/bbx/standard.bbx
File: standard.bbx 2023/03/05 v3.19 biblatex bibliography style (PK/MW)
\c@bbx:relatedcount=\count401
\c@bbx:relatedtotal=\count402
))
Package biblatex Info: Trying to load citation style 'numeric'...
Package biblatex Info: ... file 'numeric.cbx' found.
 (/nix/store/7ci8dm0ph8pjqvg27c1r0n82wgqqand0-texlive-combined-2023-texmfdist/tex/latex/biblatex/cbx/numeric.cbx
File: numeric.cbx 2023/03/05 v3.19 biblatex citation style (PK/MW)
Package biblatex Info: Redefining '\cite'.
Package biblatex Info: Redefining '\parencite'.
Package biblatex Info: Redefining '\footcite'.
Package biblatex Info: Redefining '\footcitetext'.
Package biblatex Info: Redefining '\smartcite'.
Package biblatex Info: Redefining '\supercite'.
Package biblatex Info: Redefining '\textcite'.
Package biblatex Info: Redefining '\textcites'.
Package biblatex Info: Redefining '\cites'.
Package biblatex Info: Redefining '\parencites'.
Package biblatex Info: Redefining '\smartcites'.
)
Package biblatex Info: Trying to load configuration file...
Package biblatex Info: ... file 'biblatex.cfg' found.
 (/nix/store/7ci8dm0ph8pjqvg27c1r0n82wgqqand0-texlive-combined-2023-texmfdist/tex/latex/biblatex/biblatex.cfg
File: biblatex.cfg 
)
Package biblatex Info: Input encoding 'utf8' detected.
Package biblatex Info: Document encoding is UTF8 ....
 (/nix/store/7ci8dm0ph8pjqvg27c1r0n82wgqqand0-texlive-combined-2023-texmfdist/tex/latex/l3kernel/expl3.sty
Package: expl3 2024-02-20 L3 programming layer (loader) 
 (/nix/store/7ci8dm0ph8pjqvg27c1r0n82wgqqand0-texlive-combined-2023-texmfdist/tex/latex/l3backend/l3backend-pdftex.def
File: l3backend-pdftex.def 2024-02-20 L3 backend support: PDF output (pdfTeX)
\l__color_backend_stack_int=\count403
\l__pdf_internal_box=\box53
))
Package biblatex Info: ... and expl3
(biblatex)             2024-02-20 L3 programming layer (loader) 
(biblatex)             is new enough (at least 2020/04/06),
(biblatex)             setting 'casechanger=expl3'.
 (/nix/store/7ci8dm0ph8pjqvg27c1r0n82wgqqand0-texlive-combined-2023-texmfdist/tex/latex/biblatex/blx-case-expl3.sty (/nix/store/7ci8dm0ph8pjqvg27c1r0n82wgqqand0-texlive-combined-2023-texmfdist/tex/latex/l3packages/xparse/xparse.sty
Package: xparse 2024-02-18 L3 Experimental document command parser
)
Package: blx-case-expl3 2023/03/05 v3.19 expl3 case changing code for biblatex
)) (/nix/store/7ci8dm0ph8pjqvg27c1r0n82wgqqand0-texlive-combined-2023-texmfdist/tex/latex/csquotes/csquotes.sty
Package: csquotes 2022-09-14 v5.2n context-sensitive quotations (JAW)
\csq@reset=\count404
\csq@gtype=\count405
\csq@glevel=\count406
\csq@qlevel=\count407
\csq@maxlvl=\count408
\csq@tshold=\count409
\csq@ltx@everypar=\toks25
 (/nix/store/7ci8dm0ph8pjqvg27c1r0n82wgqqand0-texlive-combined-2023-texmfdist/tex/latex/csquotes/csquotes.def
File: csquotes.def 2022-09-14 v5.2n csquotes generic definitions (JAW)
)
Package csquotes Info: Trying to load configuration file 'csquotes.cfg'...
Package csquotes Info: ... configuration file loaded successfully.
 (/nix/store/7ci8dm0ph8pjqvg27c1r0n82wgqqand0-texlive-combined-2023-texmfdist/tex/latex/csquotes/csquotes.cfg
File: csquotes.cfg 
)) (/nix/store/7ci8dm0ph8pjqvg27c1r0n82wgqqand0-texlive-combined-2023-texmfdist/tex/latex/base/fontenc.sty
Package: fontenc 2021/04/29 v2.0v Standard LaTeX package
) (/nix/store/7ci8dm0ph8pjqvg27c1r0n82wgqqand0-texlive-combined-2023-texmfdist/tex/latex/forest/forest.sty
Package: forest 2017/07/14 v2.1.5 Drawing (linguistic) trees
 (/nix/store/7ci8dm0ph8pjqvg27c1r0n82wgqqand0-texlive-combined-2023-texmfdist/tex/latex/pgf/frontendlayer/tikz.sty
(/nix/store/7ci8dm0ph8pjqvg27c1r0n82wgqqand0-texlive-combined-2023-texmfdist/tex/latex/pgf/basiclayer/pgf.sty (/nix/store/7ci8dm0ph8pjqvg27c1r0n82wgqqand0-texlive-combined-2023-texmfdist/tex/latex/pgf/utilities/pgfrcs.sty (/nix/store/7ci8dm0ph8pjqvg27c1r0n82wgqqand0-texlive-combined-2023-texmfdist/tex/generic/pgf/utilities/pgfutil-common.tex
\pgfutil@everybye=\toks26
\pgfutil@tempdima=\dimen151
\pgfutil@tempdimb=\dimen152
) (/nix/store/7ci8dm0ph8pjqvg27c1r0n82wgqqand0-texlive-combined-2023-texmfdist/tex/generic/pgf/utilities/pgfutil-latex.def
\pgfutil@abb=\box54
) (/nix/store/7ci8dm0ph8pjqvg27c1r0n82wgqqand0-texlive-combined-2023-texmfdist/tex/generic/pgf/utilities/pgfrcs.code.tex (/nix/store/7ci8dm0ph8pjqvg27c1r0n82wgqqand0-texlive-combined-2023-texmfdist/tex/generic/pgf/pgf.revision.tex)
Package: pgfrcs 2023-01-15 v3.1.10 (3.1.10)
))
Package: pgf 2023-01-15 v3.1.10 (3.1.10)
 (/nix/store/7ci8dm0ph8pjqvg27c1r0n82wgqqand0-texlive-combined-2023-texmfdist/tex/latex/pgf/basiclayer/pgfcore.sty (/nix/store/7ci8dm0ph8pjqvg27c1r0n82wgqqand0-texlive-combined-2023-texmfdist/tex/latex/graphics/graphicx.sty
Package: graphicx 2021/09/16 v1.2d Enhanced LaTeX Graphics (DPC,SPQR)
 (/nix/store/7ci8dm0ph8pjqvg27c1r0n82wgqqand0-texlive-combined-2023-texmfdist/tex/latex/graphics/graphics.sty
Package: graphics 2022/03/10 v1.4e Standard LaTeX Graphics (DPC,SPQR)
 (/nix/store/7ci8dm0ph8pjqvg27c1r0n82wgqqand0-texlive-combined-2023-texmfdist/tex/latex/graphics/trig.sty
Package: trig 2021/08/11 v1.11 sin cos tan (DPC)
) (/nix/store/7ci8dm0ph8pjqvg27c1r0n82wgqqand0-texlive-combined-2023-texmfdist/tex/latex/graphics-cfg/graphics.cfg
File: graphics.cfg 2016/06/04 v1.11 sample graphics configuration
)
Package graphics Info: Driver file: pdftex.def on input line 107.
 (/nix/store/7ci8dm0ph8pjqvg27c1r0n82wgqqand0-texlive-combined-2023-texmfdist/tex/latex/graphics-def/pdftex.def
File: pdftex.def 2022/09/22 v1.2b Graphics/color driver for pdftex
))
\Gin@req@height=\dimen153
\Gin@req@width=\dimen154
) (/nix/store/7ci8dm0ph8pjqvg27c1r0n82wgqqand0-texlive-combined-2023-texmfdist/tex/latex/pgf/systemlayer/pgfsys.sty (/nix/store/7ci8dm0ph8pjqvg27c1r0n82wgqqand0-texlive-combined-2023-texmfdist/tex/generic/pgf/systemlayer/pgfsys.code.tex
Package: pgfsys 2023-01-15 v3.1.10 (3.1.10)
 (/nix/store/7ci8dm0ph8pjqvg27c1r0n82wgqqand0-texlive-combined-2023-texmfdist/tex/generic/pgf/utilities/pgfkeys.code.tex
\pgfkeys@pathtoks=\toks27
\pgfkeys@temptoks=\toks28
 (/nix/store/7ci8dm0ph8pjqvg27c1r0n82wgqqand0-texlive-combined-2023-texmfdist/tex/generic/pgf/utilities/pgfkeyslibraryfiltered.code.tex
\pgfkeys@tmptoks=\toks29
))
\pgf@x=\dimen155
\pgf@y=\dimen156
\pgf@xa=\dimen157
\pgf@ya=\dimen158
\pgf@xb=\dimen159
\pgf@yb=\dimen160
\pgf@xc=\dimen161
\pgf@yc=\dimen162
\pgf@xd=\dimen163
\pgf@yd=\dimen164
\w@pgf@writea=\write4
\r@pgf@reada=\read4
\c@pgf@counta=\count410
\c@pgf@countb=\count411
\c@pgf@countc=\count412
\c@pgf@countd=\count413
\t@pgf@toka=\toks30
\t@pgf@tokb=\toks31
\t@pgf@tokc=\toks32
\pgf@sys@id@count=\count414
 (/nix/store/7ci8dm0ph8pjqvg27c1r0n82wgqqand0-texlive-combined-2023-texmfdist/tex/generic/pgf/systemlayer/pgf.cfg
File: pgf.cfg 2023-01-15 v3.1.10 (3.1.10)
)
Driver file for pgf: pgfsys-pdftex.def

(/nix/store/7ci8dm0ph8pjqvg27c1r0n82wgqqand0-texlive-combined-2023-texmfdist/tex/generic/pgf/systemlayer/pgfsys-pdftex.def
File: pgfsys-pdftex.def 2023-01-15 v3.1.10 (3.1.10)
 (/nix/store/7ci8dm0ph8pjqvg27c1r0n82wgqqand0-texlive-combined-2023-texmfdist/tex/generic/pgf/systemlayer/pgfsys-common-pdf.def
File: pgfsys-common-pdf.def 2023-01-15 v3.1.10 (3.1.10)
))) (/nix/store/7ci8dm0ph8pjqvg27c1r0n82wgqqand0-texlive-combined-2023-texmfdist/tex/generic/pgf/systemlayer/pgfsyssoftpath.code.tex
File: pgfsyssoftpath.code.tex 2023-01-15 v3.1.10 (3.1.10)
\pgfsyssoftpath@smallbuffer@items=\count415
\pgfsyssoftpath@bigbuffer@items=\count416
) (/nix/store/7ci8dm0ph8pjqvg27c1r0n82wgqqand0-texlive-combined-2023-texmfdist/tex/generic/pgf/systemlayer/pgfsysprotocol.code.tex
File: pgfsysprotocol.code.tex 2023-01-15 v3.1.10 (3.1.10)
)) (/nix/store/7ci8dm0ph8pjqvg27c1r0n82wgqqand0-texlive-combined-2023-texmfdist/tex/latex/xcolor/xcolor.sty
Package: xcolor 2023/11/15 v3.01 LaTeX color extensions (UK)
 (/nix/store/7ci8dm0ph8pjqvg27c1r0n82wgqqand0-texlive-combined-2023-texmfdist/tex/latex/graphics-cfg/color.cfg
File: color.cfg 2016/01/02 v1.6 sample color configuration
)
Package xcolor Info: Driver file: pdftex.def on input line 274.
 (/nix/store/7ci8dm0ph8pjqvg27c1r0n82wgqqand0-texlive-combined-2023-texmfdist/tex/latex/graphics/mathcolor.ltx)
Package xcolor Info: Model `cmy' substituted by `cmy0' on input line 1350.
Package xcolor Info: Model `hsb' substituted by `rgb' on input line 1354.
Package xcolor Info: Model `RGB' extended on input line 1366.
Package xcolor Info: Model `HTML' substituted by `rgb' on input line 1368.
Package xcolor Info: Model `Hsb' substituted by `hsb' on input line 1369.
Package xcolor Info: Model `tHsb' substituted by `hsb' on input line 1370.
Package xcolor Info: Model `HSB' substituted by `hsb' on input line 1371.
Package xcolor Info: Model `Gray' substituted by `gray' on input line 1372.
Package xcolor Info: Model `wave' substituted by `hsb' on input line 1373.
) (/nix/store/7ci8dm0ph8pjqvg27c1r0n82wgqqand0-texlive-combined-2023-texmfdist/tex/generic/pgf/basiclayer/pgfcore.code.tex
Package: pgfcore 2023-01-15 v3.1.10 (3.1.10)
 (/nix/store/7ci8dm0ph8pjqvg27c1r0n82wgqqand0-texlive-combined-2023-texmfdist/tex/generic/pgf/math/pgfmath.code.tex (/nix/store/7ci8dm0ph8pjqvg27c1r0n82wgqqand0-texlive-combined-2023-texmfdist/tex/generic/pgf/math/pgfmathutil.code.tex) (/nix/store/7ci8dm0ph8pjqvg27c1r0n82wgqqand0-texlive-combined-2023-texmfdist/tex/generic/pgf/math/pgfmathparser.code.tex
\pgfmath@dimen=\dimen165
\pgfmath@count=\count417
\pgfmath@box=\box55
\pgfmath@toks=\toks33
\pgfmath@stack@operand=\toks34
\pgfmath@stack@operation=\toks35
) (/nix/store/7ci8dm0ph8pjqvg27c1r0n82wgqqand0-texlive-combined-2023-texmfdist/tex/generic/pgf/math/pgfmathfunctions.code.tex) (/nix/store/7ci8dm0ph8pjqvg27c1r0n82wgqqand0-texlive-combined-2023-texmfdist/tex/generic/pgf/math/pgfmathfunctions.basic.code.tex) (/nix/store/7ci8dm0ph8pjqvg27c1r0n82wgqqand0-texlive-combined-2023-texmfdist/tex/generic/pgf/math/pgfmathfunctions.trigonometric.code.tex) (/nix/store/7ci8dm0ph8pjqvg27c1r0n82wgqqand0-texlive-combined-2023-texmfdist/tex/generic/pgf/math/pgfmathfunctions.random.code.tex) (/nix/store/7ci8dm0ph8pjqvg27c1r0n82wgqqand0-texlive-combined-2023-texmfdist/tex/generic/pgf/math/pgfmathfunctions.comparison.code.tex)
(/nix/store/7ci8dm0ph8pjqvg27c1r0n82wgqqand0-texlive-combined-2023-texmfdist/tex/generic/pgf/math/pgfmathfunctions.base.code.tex) (/nix/store/7ci8dm0ph8pjqvg27c1r0n82wgqqand0-texlive-combined-2023-texmfdist/tex/generic/pgf/math/pgfmathfunctions.round.code.tex) (/nix/store/7ci8dm0ph8pjqvg27c1r0n82wgqqand0-texlive-combined-2023-texmfdist/tex/generic/pgf/math/pgfmathfunctions.misc.code.tex) (/nix/store/7ci8dm0ph8pjqvg27c1r0n82wgqqand0-texlive-combined-2023-texmfdist/tex/generic/pgf/math/pgfmathfunctions.integerarithmetics.code.tex) (/nix/store/7ci8dm0ph8pjqvg27c1r0n82wgqqand0-texlive-combined-2023-texmfdist/tex/generic/pgf/math/pgfmathcalc.code.tex) (/nix/store/7ci8dm0ph8pjqvg27c1r0n82wgqqand0-texlive-combined-2023-texmfdist/tex/generic/pgf/math/pgfmathfloat.code.tex
\c@pgfmathroundto@lastzeros=\count418
)) (/nix/store/7ci8dm0ph8pjqvg27c1r0n82wgqqand0-texlive-combined-2023-texmfdist/tex/generic/pgf/math/pgfint.code.tex) (/nix/store/7ci8dm0ph8pjqvg27c1r0n82wgqqand0-texlive-combined-2023-texmfdist/tex/generic/pgf/basiclayer/pgfcorepoints.code.tex
File: pgfcorepoints.code.tex 2023-01-15 v3.1.10 (3.1.10)
\pgf@picminx=\dimen166
\pgf@picmaxx=\dimen167
\pgf@picminy=\dimen168
\pgf@picmaxy=\dimen169
\pgf@pathminx=\dimen170
\pgf@pathmaxx=\dimen171
\pgf@pathminy=\dimen172
\pgf@pathmaxy=\dimen173
\pgf@xx=\dimen174
\pgf@xy=\dimen175
\pgf@yx=\dimen176
\pgf@yy=\dimen177
\pgf@zx=\dimen178
\pgf@zy=\dimen179
) (/nix/store/7ci8dm0ph8pjqvg27c1r0n82wgqqand0-texlive-combined-2023-texmfdist/tex/generic/pgf/basiclayer/pgfcorepathconstruct.code.tex
File: pgfcorepathconstruct.code.tex 2023-01-15 v3.1.10 (3.1.10)
\pgf@path@lastx=\dimen180
\pgf@path@lasty=\dimen181
) (/nix/store/7ci8dm0ph8pjqvg27c1r0n82wgqqand0-texlive-combined-2023-texmfdist/tex/generic/pgf/basiclayer/pgfcorepathusage.code.tex
File: pgfcorepathusage.code.tex 2023-01-15 v3.1.10 (3.1.10)
\pgf@shorten@end@additional=\dimen182
\pgf@shorten@start@additional=\dimen183
) (/nix/store/7ci8dm0ph8pjqvg27c1r0n82wgqqand0-texlive-combined-2023-texmfdist/tex/generic/pgf/basiclayer/pgfcorescopes.code.tex
File: pgfcorescopes.code.tex 2023-01-15 v3.1.10 (3.1.10)
\pgfpic=\box56
\pgf@hbox=\box57
\pgf@layerbox@main=\box58
\pgf@picture@serial@count=\count419
) (/nix/store/7ci8dm0ph8pjqvg27c1r0n82wgqqand0-texlive-combined-2023-texmfdist/tex/generic/pgf/basiclayer/pgfcoregraphicstate.code.tex
File: pgfcoregraphicstate.code.tex 2023-01-15 v3.1.10 (3.1.10)
\pgflinewidth=\dimen184
) (/nix/store/7ci8dm0ph8pjqvg27c1r0n82wgqqand0-texlive-combined-2023-texmfdist/tex/generic/pgf/basiclayer/pgfcoretransformations.code.tex
File: pgfcoretransformations.code.tex 2023-01-15 v3.1.10 (3.1.10)
\pgf@pt@x=\dimen185
\pgf@pt@y=\dimen186
\pgf@pt@temp=\dimen187
) (/nix/store/7ci8dm0ph8pjqvg27c1r0n82wgqqand0-texlive-combined-2023-texmfdist/tex/generic/pgf/basiclayer/pgfcorequick.code.tex
File: pgfcorequick.code.tex 2023-01-15 v3.1.10 (3.1.10)
) (/nix/store/7ci8dm0ph8pjqvg27c1r0n82wgqqand0-texlive-combined-2023-texmfdist/tex/generic/pgf/basiclayer/pgfcoreobjects.code.tex
File: pgfcoreobjects.code.tex 2023-01-15 v3.1.10 (3.1.10)
)
(/nix/store/7ci8dm0ph8pjqvg27c1r0n82wgqqand0-texlive-combined-2023-texmfdist/tex/generic/pgf/basiclayer/pgfcorepathprocessing.code.tex
File: pgfcorepathprocessing.code.tex 2023-01-15 v3.1.10 (3.1.10)
) (/nix/store/7ci8dm0ph8pjqvg27c1r0n82wgqqand0-texlive-combined-2023-texmfdist/tex/generic/pgf/basiclayer/pgfcorearrows.code.tex
File: pgfcorearrows.code.tex 2023-01-15 v3.1.10 (3.1.10)
\pgfarrowsep=\dimen188
) (/nix/store/7ci8dm0ph8pjqvg27c1r0n82wgqqand0-texlive-combined-2023-texmfdist/tex/generic/pgf/basiclayer/pgfcoreshade.code.tex
File: pgfcoreshade.code.tex 2023-01-15 v3.1.10 (3.1.10)
\pgf@max=\dimen189
\pgf@sys@shading@range@num=\count420
\pgf@shadingcount=\count421
) (/nix/store/7ci8dm0ph8pjqvg27c1r0n82wgqqand0-texlive-combined-2023-texmfdist/tex/generic/pgf/basiclayer/pgfcoreimage.code.tex
File: pgfcoreimage.code.tex 2023-01-15 v3.1.10 (3.1.10)
) (/nix/store/7ci8dm0ph8pjqvg27c1r0n82wgqqand0-texlive-combined-2023-texmfdist/tex/generic/pgf/basiclayer/pgfcoreexternal.code.tex
File: pgfcoreexternal.code.tex 2023-01-15 v3.1.10 (3.1.10)
\pgfexternal@startupbox=\box59
) (/nix/store/7ci8dm0ph8pjqvg27c1r0n82wgqqand0-texlive-combined-2023-texmfdist/tex/generic/pgf/basiclayer/pgfcorelayers.code.tex
File: pgfcorelayers.code.tex 2023-01-15 v3.1.10 (3.1.10)
) (/nix/store/7ci8dm0ph8pjqvg27c1r0n82wgqqand0-texlive-combined-2023-texmfdist/tex/generic/pgf/basiclayer/pgfcoretransparency.code.tex
File: pgfcoretransparency.code.tex 2023-01-15 v3.1.10 (3.1.10)
) (/nix/store/7ci8dm0ph8pjqvg27c1r0n82wgqqand0-texlive-combined-2023-texmfdist/tex/generic/pgf/basiclayer/pgfcorepatterns.code.tex
File: pgfcorepatterns.code.tex 2023-01-15 v3.1.10 (3.1.10)
) (/nix/store/7ci8dm0ph8pjqvg27c1r0n82wgqqand0-texlive-combined-2023-texmfdist/tex/generic/pgf/basiclayer/pgfcorerdf.code.tex
File: pgfcorerdf.code.tex 2023-01-15 v3.1.10 (3.1.10)
))) (/nix/store/7ci8dm0ph8pjqvg27c1r0n82wgqqand0-texlive-combined-2023-texmfdist/tex/generic/pgf/modules/pgfmoduleshapes.code.tex
File: pgfmoduleshapes.code.tex 2023-01-15 v3.1.10 (3.1.10)
\pgfnodeparttextbox=\box60
) (/nix/store/7ci8dm0ph8pjqvg27c1r0n82wgqqand0-texlive-combined-2023-texmfdist/tex/generic/pgf/modules/pgfmoduleplot.code.tex
File: pgfmoduleplot.code.tex 2023-01-15 v3.1.10 (3.1.10)
) (/nix/store/7ci8dm0ph8pjqvg27c1r0n82wgqqand0-texlive-combined-2023-texmfdist/tex/latex/pgf/compatibility/pgfcomp-version-0-65.sty
Package: pgfcomp-version-0-65 2023-01-15 v3.1.10 (3.1.10)
\pgf@nodesepstart=\dimen190
\pgf@nodesepend=\dimen191
) (/nix/store/7ci8dm0ph8pjqvg27c1r0n82wgqqand0-texlive-combined-2023-texmfdist/tex/latex/pgf/compatibility/pgfcomp-version-1-18.sty
Package: pgfcomp-version-1-18 2023-01-15 v3.1.10 (3.1.10)
)) (/nix/store/7ci8dm0ph8pjqvg27c1r0n82wgqqand0-texlive-combined-2023-texmfdist/tex/latex/pgf/utilities/pgffor.sty (/nix/store/7ci8dm0ph8pjqvg27c1r0n82wgqqand0-texlive-combined-2023-texmfdist/tex/latex/pgf/utilities/pgfkeys.sty
(/nix/store/7ci8dm0ph8pjqvg27c1r0n82wgqqand0-texlive-combined-2023-texmfdist/tex/generic/pgf/utilities/pgfkeys.code.tex)) (/nix/store/7ci8dm0ph8pjqvg27c1r0n82wgqqand0-texlive-combined-2023-texmfdist/tex/latex/pgf/math/pgfmath.sty (/nix/store/7ci8dm0ph8pjqvg27c1r0n82wgqqand0-texlive-combined-2023-texmfdist/tex/generic/pgf/math/pgfmath.code.tex)) (/nix/store/7ci8dm0ph8pjqvg27c1r0n82wgqqand0-texlive-combined-2023-texmfdist/tex/generic/pgf/utilities/pgffor.code.tex
Package: pgffor 2023-01-15 v3.1.10 (3.1.10)
\pgffor@iter=\dimen192
\pgffor@skip=\dimen193
\pgffor@stack=\toks36
\pgffor@toks=\toks37
)) (/nix/store/7ci8dm0ph8pjqvg27c1r0n82wgqqand0-texlive-combined-2023-texmfdist/tex/generic/pgf/frontendlayer/tikz/tikz.code.tex
Package: tikz 2023-01-15 v3.1.10 (3.1.10)
 (/nix/store/7ci8dm0ph8pjqvg27c1r0n82wgqqand0-texlive-combined-2023-texmfdist/tex/generic/pgf/libraries/pgflibraryplothandlers.code.tex
File: pgflibraryplothandlers.code.tex 2023-01-15 v3.1.10 (3.1.10)
\pgf@plot@mark@count=\count422
\pgfplotmarksize=\dimen194
)
\tikz@lastx=\dimen195
\tikz@lasty=\dimen196
\tikz@lastxsaved=\dimen197
\tikz@lastysaved=\dimen198
\tikz@lastmovetox=\dimen199
\tikz@lastmovetoy=\dimen256
\tikzleveldistance=\dimen257
\tikzsiblingdistance=\dimen258
\tikz@figbox=\box61
\tikz@figbox@bg=\box62
\tikz@tempbox=\box63
\tikz@tempbox@bg=\box64
\tikztreelevel=\count423
\tikznumberofchildren=\count424
\tikznumberofcurrentchild=\count425
\tikz@fig@count=\count426
 (/nix/store/7ci8dm0ph8pjqvg27c1r0n82wgqqand0-texlive-combined-2023-texmfdist/tex/generic/pgf/modules/pgfmodulematrix.code.tex
File: pgfmodulematrix.code.tex 2023-01-15 v3.1.10 (3.1.10)
\pgfmatrixcurrentrow=\count427
\pgfmatrixcurrentcolumn=\count428
\pgf@matrix@numberofcolumns=\count429
)
\tikz@expandcount=\count430
 (/nix/store/7ci8dm0ph8pjqvg27c1r0n82wgqqand0-texlive-combined-2023-texmfdist/tex/generic/pgf/frontendlayer/tikz/libraries/tikzlibrarytopaths.code.tex
File: tikzlibrarytopaths.code.tex 2023-01-15 v3.1.10 (3.1.10)
))) (/nix/store/7ci8dm0ph8pjqvg27c1r0n82wgqqand0-texlive-combined-2023-texmfdist/tex/generic/pgf/frontendlayer/tikz/libraries/tikzlibraryshapes.code.tex
File: tikzlibraryshapes.code.tex 2023-01-15 v3.1.10 (3.1.10)
 (/nix/store/7ci8dm0ph8pjqvg27c1r0n82wgqqand0-texlive-combined-2023-texmfdist/tex/generic/pgf/frontendlayer/tikz/libraries/tikzlibraryshapes.geometric.code.tex
File: tikzlibraryshapes.geometric.code.tex 2023-01-15 v3.1.10 (3.1.10)
 (/nix/store/7ci8dm0ph8pjqvg27c1r0n82wgqqand0-texlive-combined-2023-texmfdist/tex/generic/pgf/libraries/shapes/pgflibraryshapes.geometric.code.tex
File: pgflibraryshapes.geometric.code.tex 2023-01-15 v3.1.10 (3.1.10)
)) (/nix/store/7ci8dm0ph8pjqvg27c1r0n82wgqqand0-texlive-combined-2023-texmfdist/tex/generic/pgf/frontendlayer/tikz/libraries/tikzlibraryshapes.misc.code.tex
File: tikzlibraryshapes.misc.code.tex 2023-01-15 v3.1.10 (3.1.10)
 (/nix/store/7ci8dm0ph8pjqvg27c1r0n82wgqqand0-texlive-combined-2023-texmfdist/tex/generic/pgf/libraries/shapes/pgflibraryshapes.misc.code.tex
File: pgflibraryshapes.misc.code.tex 2023-01-15 v3.1.10 (3.1.10)
)) (/nix/store/7ci8dm0ph8pjqvg27c1r0n82wgqqand0-texlive-combined-2023-texmfdist/tex/generic/pgf/frontendlayer/tikz/libraries/tikzlibraryshapes.symbols.code.tex
File: tikzlibraryshapes.symbols.code.tex 2023-01-15 v3.1.10 (3.1.10)

(/nix/store/7ci8dm0ph8pjqvg27c1r0n82wgqqand0-texlive-combined-2023-texmfdist/tex/generic/pgf/libraries/shapes/pgflibraryshapes.symbols.code.tex
File: pgflibraryshapes.symbols.code.tex 2023-01-15 v3.1.10 (3.1.10)
)) (/nix/store/7ci8dm0ph8pjqvg27c1r0n82wgqqand0-texlive-combined-2023-texmfdist/tex/generic/pgf/frontendlayer/tikz/libraries/tikzlibraryshapes.arrows.code.tex
File: tikzlibraryshapes.arrows.code.tex 2023-01-15 v3.1.10 (3.1.10)
 (/nix/store/7ci8dm0ph8pjqvg27c1r0n82wgqqand0-texlive-combined-2023-texmfdist/tex/generic/pgf/libraries/shapes/pgflibraryshapes.arrows.code.tex
File: pgflibraryshapes.arrows.code.tex 2023-01-15 v3.1.10 (3.1.10)
)) (/nix/store/7ci8dm0ph8pjqvg27c1r0n82wgqqand0-texlive-combined-2023-texmfdist/tex/generic/pgf/frontendlayer/tikz/libraries/tikzlibraryshapes.callouts.code.tex (/nix/store/7ci8dm0ph8pjqvg27c1r0n82wgqqand0-texlive-combined-2023-texmfdist/tex/generic/pgf/libraries/shapes/pgflibraryshapes.callouts.code.tex)) (/nix/store/7ci8dm0ph8pjqvg27c1r0n82wgqqand0-texlive-combined-2023-texmfdist/tex/generic/pgf/frontendlayer/tikz/libraries/tikzlibraryshapes.multipart.code.tex
File: tikzlibraryshapes.multipart.code.tex 2023-01-15 v3.1.10 (3.1.10)
 (/nix/store/7ci8dm0ph8pjqvg27c1r0n82wgqqand0-texlive-combined-2023-texmfdist/tex/generic/pgf/libraries/shapes/pgflibraryshapes.multipart.code.tex
File: pgflibraryshapes.multipart.code.tex 2023-01-15 v3.1.10 (3.1.10)
\pgfnodepartlowerbox=\box65
\pgfnodeparttwobox=\box66
\pgfnodepartthreebox=\box67
\pgfnodepartfourbox=\box68
\pgfnodeparttwentybox=\box69
\pgfnodepartnineteenbox=\box70
\pgfnodeparteighteenbox=\box71
\pgfnodepartseventeenbox=\box72
\pgfnodepartsixteenbox=\box73
\pgfnodepartfifteenbox=\box74
\pgfnodepartfourteenbox=\box75
\pgfnodepartthirteenbox=\box76
\pgfnodeparttwelvebox=\box77
\pgfnodepartelevenbox=\box78
\pgfnodeparttenbox=\box79
\pgfnodepartninebox=\box80
\pgfnodeparteightbox=\box81
\pgfnodepartsevenbox=\box82
\pgfnodepartsixbox=\box83
\pgfnodepartfivebox=\box84
))) (/nix/store/7ci8dm0ph8pjqvg27c1r0n82wgqqand0-texlive-combined-2023-texmfdist/tex/generic/pgf/frontendlayer/tikz/libraries/tikzlibraryfit.code.tex
File: tikzlibraryfit.code.tex 2023-01-15 v3.1.10 (3.1.10)
) (/nix/store/7ci8dm0ph8pjqvg27c1r0n82wgqqand0-texlive-combined-2023-texmfdist/tex/generic/pgf/frontendlayer/tikz/libraries/tikzlibrarycalc.code.tex
File: tikzlibrarycalc.code.tex 2023-01-15 v3.1.10 (3.1.10)
) (/nix/store/7ci8dm0ph8pjqvg27c1r0n82wgqqand0-texlive-combined-2023-texmfdist/tex/generic/pgf/libraries/pgflibraryintersections.code.tex (/nix/store/7ci8dm0ph8pjqvg27c1r0n82wgqqand0-texlive-combined-2023-texmfdist/tex/generic/pgf/libraries/pgflibraryfpu.code.tex)
\pgf@intersect@solutions=\count431
) (/nix/store/7ci8dm0ph8pjqvg27c1r0n82wgqqand0-texlive-combined-2023-texmfdist/tex/latex/pgfopts/pgfopts.sty
Package: pgfopts 2014/07/10 v2.1a LaTeX package options with pgfkeys
\pgfopts@list@add@a@toks=\toks38
\pgfopts@list@add@b@toks=\toks39
) (/nix/store/7ci8dm0ph8pjqvg27c1r0n82wgqqand0-texlive-combined-2023-texmfdist/tex/latex/elocalloc/elocalloc.sty
Package: elocalloc 2016/12/15 v0.03 local allocation for LaTeX 2015+ (DPC)
) (/nix/store/7ci8dm0ph8pjqvg27c1r0n82wgqqand0-texlive-combined-2023-texmfdist/tex/latex/environ/environ.sty
Package: environ 2014/05/04 v0.3 A new way to define environments

(/nix/store/7ci8dm0ph8pjqvg27c1r0n82wgqqand0-texlive-combined-2023-texmfdist/tex/latex/trimspaces/trimspaces.sty
Package: trimspaces 2009/09/17 v1.1 Trim spaces around a token list
)) (/nix/store/7ci8dm0ph8pjqvg27c1r0n82wgqqand0-texlive-combined-2023-texmfdist/tex/latex/inlinedef/inlinedef.sty
Package: inlinedef 2008/07/10 v1.0 Inlined expansions within definitions
\ID@toks=\toks40
\ID@count=\count432
)
\ID@usercommands=\toks41
\safeloop@depth=\count433
\safeRKloop@depth=\count434
\forest@temp@dimen=\dimen259
\forest@temp@count=\count435
\forest@n=\count436
\forest@temp@global@count=\count437
\forest@temp@toks=\toks42
\forest@temparray@M=\count438
\forest@temparray@N=\count439
\forest@global@temparray@M=\count440
\forest@global@temparray@N=\count441
\forest@isnum@count=\count442
\forest@isdim@nonintpart=\count443
\forest@isdim@dimen=\dimen260
\forest@sort@m=\count444
\forest@sort@k=\count445
\forest@sort@p=\count446
\bracket@content=\toks43
\bracket@afterthought=\toks44
\forest@node@maxid=\count447
\forest@process@left@M=\count448
\forest@process@left@N=\count449
\forest@process@right@M=\count450
\forest@process@right@N=\count451
\forest@process@saved@M=\count452
\forest@process@saved@N=\count453
\forest@process@result@M=\count454
\forest@process@result@N=\count455
\forest@process@n=\count456
\forest@nodewalk@branch@toks=\toks45
\forest@nodewalk@shortsteps@resolution=\toks46
\forest@do@dynamics=\toks47
\forest@box=\box85
\forest@xg=\dimen261
\forest@yg=\dimen262
\forest@xs=\dimen263
\forest@ys=\dimen264
\forest@pi@toks=\toks48
\forest@segment@toks=\toks49
\forest@PIi@toks=\toks50
\forest@PIii@toks=\toks51
\forest@copy@in=\read5
\forest@copy@out=\write5
\forest@externalize@max@outer@n=\count457
\forest@externalize@inner@n=\count458
) (/nix/store/7ci8dm0ph8pjqvg27c1r0n82wgqqand0-texlive-combined-2023-texmfdist/tex/latex/lm/lmodern.sty
Package: lmodern 2015/05/01 v1.6.1 Latin Modern Fonts
LaTeX Font Info:    Overwriting symbol font `operators' in version `normal'
(Font)                  OT1/cmr/m/n --> OT1/lmr/m/n on input line 22.
LaTeX Font Info:    Overwriting symbol font `letters' in version `normal'
(Font)                  OML/cmm/m/it --> OML/lmm/m/it on input line 23.
LaTeX Font Info:    Overwriting symbol font `symbols' in version `normal'
(Font)                  OMS/cmsy/m/n --> OMS/lmsy/m/n on input line 24.
LaTeX Font Info:    Overwriting symbol font `largesymbols' in version `normal'
(Font)                  OMX/cmex/m/n --> OMX/lmex/m/n on input line 25.
LaTeX Font Info:    Overwriting symbol font `operators' in version `bold'
(Font)                  OT1/cmr/bx/n --> OT1/lmr/bx/n on input line 26.
LaTeX Font Info:    Overwriting symbol font `letters' in version `bold'
(Font)                  OML/cmm/b/it --> OML/lmm/b/it on input line 27.
LaTeX Font Info:    Overwriting symbol font `symbols' in version `bold'
(Font)                  OMS/cmsy/b/n --> OMS/lmsy/b/n on input line 28.
LaTeX Font Info:    Overwriting symbol font `largesymbols' in version `bold'
(Font)                  OMX/cmex/m/n --> OMX/lmex/m/n on input line 29.
LaTeX Font Info:    Overwriting math alphabet `\mathbf' in version `normal'
(Font)                  OT1/cmr/bx/n --> OT1/lmr/bx/n on input line 31.
LaTeX Font Info:    Overwriting math alphabet `\mathsf' in version `normal'
(Font)                  OT1/cmss/m/n --> OT1/lmss/m/n on input line 32.
LaTeX Font Info:    Overwriting math alphabet `\mathit' in version `normal'
(Font)                  OT1/cmr/m/it --> OT1/lmr/m/it on input line 33.
LaTeX Font Info:    Overwriting math alphabet `\mathtt' in version `normal'
(Font)                  OT1/cmtt/m/n --> OT1/lmtt/m/n on input line 34.
LaTeX Font Info:    Overwriting math alphabet `\mathbf' in version `bold'
(Font)                  OT1/cmr/bx/n --> OT1/lmr/bx/n on input line 35.
LaTeX Font Info:    Overwriting math alphabet `\mathsf' in version `bold'
(Font)                  OT1/cmss/bx/n --> OT1/lmss/bx/n on input line 36.
LaTeX Font Info:    Overwriting math alphabet `\mathit' in version `bold'
(Font)                  OT1/cmr/bx/it --> OT1/lmr/bx/it on input line 37.
LaTeX Font Info:    Overwriting math alphabet `\mathtt' in version `bold'
(Font)                  OT1/cmtt/m/n --> OT1/lmtt/m/n on input line 38.
) (/nix/store/7ci8dm0ph8pjqvg27c1r0n82wgqqand0-texlive-combined-2023-texmfdist/tex/latex/tools/tabularx.sty
Package: tabularx 2023/07/08 v2.11c `tabularx' package (DPC)
 (/nix/store/7ci8dm0ph8pjqvg27c1r0n82wgqqand0-texlive-combined-2023-texmfdist/tex/latex/tools/array.sty
Package: array 2023/10/16 v2.5g Tabular extension package (FMi)
\col@sep=\dimen265
\ar@mcellbox=\box86
\extrarowheight=\dimen266
\NC@list=\toks52
\extratabsurround=\skip75
\backup@length=\skip76
\ar@cellbox=\box87
)
\TX@col@width=\dimen267
\TX@old@table=\dimen268
\TX@old@col=\dimen269
\TX@target=\dimen270
\TX@delta=\dimen271
\TX@cols=\count459
\TX@ftn=\toks53
) (/nix/store/7ci8dm0ph8pjqvg27c1r0n82wgqqand0-texlive-combined-2023-texmfdist/tex/latex/ragged2e/ragged2e.sty
Package: ragged2e 2023/06/22 v3.6 ragged2e Package
\CenteringLeftskip=\skip77
\RaggedLeftLeftskip=\skip78
\RaggedRightLeftskip=\skip79
\CenteringRightskip=\skip80
\RaggedLeftRightskip=\skip81
\RaggedRightRightskip=\skip82
\CenteringParfillskip=\skip83
\RaggedLeftParfillskip=\skip84
\RaggedRightParfillskip=\skip85
\JustifyingParfillskip=\skip86
\CenteringParindent=\skip87
\RaggedLeftParindent=\skip88
\RaggedRightParindent=\skip89
\JustifyingParindent=\skip90
) (/nix/store/7ci8dm0ph8pjqvg27c1r0n82wgqqand0-texlive-combined-2023-texmfdist/tex/generic/pgf/frontendlayer/tikz/libraries/tikzlibraryautomata.code.tex
File: tikzlibraryautomata.code.tex 2023-01-15 v3.1.10 (3.1.10)
) (/nix/store/7ci8dm0ph8pjqvg27c1r0n82wgqqand0-texlive-combined-2023-texmfdist/tex/generic/pgf/libraries/pgflibraryarrows.meta.code.tex
File: pgflibraryarrows.meta.code.tex 2023-01-15 v3.1.10 (3.1.10)
\pgfarrowinset=\dimen272
\pgfarrowlength=\dimen273
\pgfarrowwidth=\dimen274
\pgfarrowlinewidth=\dimen275
) (/nix/store/7ci8dm0ph8pjqvg27c1r0n82wgqqand0-texlive-combined-2023-texmfdist/tex/generic/pgf/frontendlayer/tikz/libraries/tikzlibrarypositioning.code.tex
File: tikzlibrarypositioning.code.tex 2023-01-15 v3.1.10 (3.1.10)
))
\c@count=\count460
Package csquotes Info: Checking for multilingual support...
Package csquotes Info: ... found 'babel' package.
Package csquotes Info: Adjusting default style.
Package csquotes Info: Redefining alias 'default' -> 'brazil'.
LaTeX Font Info:    Trying to load font information for T1+lmr on input line 25.
 (/nix/store/7ci8dm0ph8pjqvg27c1r0n82wgqqand0-texlive-combined-2023-texmfdist/tex/latex/lm/t1lmr.fd
File: t1lmr.fd 2015/05/01 v1.6.1 Font defs for Latin Modern
) (./exercises5.aux)
\openout1 = `exercises5.aux'.

LaTeX Font Info:    Checking defaults for OML/cmm/m/it on input line 25.
LaTeX Font Info:    ... okay on input line 25.
LaTeX Font Info:    Checking defaults for OMS/cmsy/m/n on input line 25.
LaTeX Font Info:    ... okay on input line 25.
LaTeX Font Info:    Checking defaults for OT1/cmr/m/n on input line 25.
LaTeX Font Info:    ... okay on input line 25.
LaTeX Font Info:    Checking defaults for T1/cmr/m/n on input line 25.
LaTeX Font Info:    ... okay on input line 25.
LaTeX Font Info:    Checking defaults for TS1/cmr/m/n on input line 25.
LaTeX Font Info:    ... okay on input line 25.
LaTeX Font Info:    Checking defaults for OMX/cmex/m/n on input line 25.
LaTeX Font Info:    ... okay on input line 25.
LaTeX Font Info:    Checking defaults for U/cmr/m/n on input line 25.
LaTeX Font Info:    ... okay on input line 25.
Package biblatex Info: Trying to load language 'brazil'...
Package biblatex Info: ... file 'brazil.lbx' found.
 (/nix/store/7ci8dm0ph8pjqvg27c1r0n82wgqqand0-texlive-combined-2023-texmfdist/tex/latex/biblatex/lbx/brazil.lbx
File: brazil.lbx 2023/03/05 v3.19 biblatex localization (PK/MW)
Package biblatex Info: Trying to load language 'brazilian'...
Package biblatex Info: ... file 'brazilian.lbx' found.
 (/nix/store/7ci8dm0ph8pjqvg27c1r0n82wgqqand0-texlive-combined-2023-texmfdist/tex/latex/biblatex/lbx/brazilian.lbx
File: brazilian.lbx 2023/03/05 v3.19 biblatex localization (PK/MW)
)
Package biblatex Info: Trying to load language 'brazilian'...
Package biblatex Info: ... file 'brazilian.lbx' found.
 (/nix/store/7ci8dm0ph8pjqvg27c1r0n82wgqqand0-texlive-combined-2023-texmfdist/tex/latex/biblatex/lbx/brazilian.lbx
File: brazilian.lbx 2023/03/05 v3.19 biblatex localization (PK/MW)
))
Package biblatex Info: Input encoding 'utf8' detected.
Package biblatex Info: Automatic encoding selection.
(biblatex)             Assuming data encoding 'utf8'.
\openout3 = `exercises5.bcf'.

Package biblatex Info: Trying to load bibliographic data...
Package biblatex Info: ... file 'exercises5.bbl' not found.

No file exercises5.bbl.
Package biblatex Info: Reference section=0 on input line 25.
Package biblatex Info: Reference segment=0 on input line 25.
(/nix/store/7ci8dm0ph8pjqvg27c1r0n82wgqqand0-texlive-combined-2023-texmfdist/tex/context/base/mkii/supp-pdf.mkii
[Loading MPS to PDF converter (version 2006.09.02).]
\scratchcounter=\count461
\scratchdimen=\dimen276
\scratchbox=\box88
\nofMPsegments=\count462
\nofMParguments=\count463
\everyMPshowfont=\toks54
\MPscratchCnt=\count464
\MPscratchDim=\dimen277
\MPnumerator=\count465
\makeMPintoPDFobject=\count466
\everyMPtoPDFconversion=\toks55
) (/nix/store/7ci8dm0ph8pjqvg27c1r0n82wgqqand0-texlive-combined-2023-texmfdist/tex/latex/epstopdf-pkg/epstopdf-base.sty
Package: epstopdf-base 2020-01-24 v2.11 Base part for package epstopdf
Package epstopdf-base Info: Redefining graphics rule for `.eps' on input line 485.
 (/nix/store/7ci8dm0ph8pjqvg27c1r0n82wgqqand0-texlive-combined-2023-texmfdist/tex/latex/latexconfig/epstopdf-sys.cfg
File: epstopdf-sys.cfg 2010/07/13 v1.3 Configuration of (r)epstopdf for TeX Live
))
LaTeX Font Info:    Trying to load font information for OT1+lmr on input line 26.
 (/nix/store/7ci8dm0ph8pjqvg27c1r0n82wgqqand0-texlive-combined-2023-texmfdist/tex/latex/lm/ot1lmr.fd
File: ot1lmr.fd 2015/05/01 v1.6.1 Font defs for Latin Modern
)
LaTeX Font Info:    Trying to load font information for OML+lmm on input line 26.
 (/nix/store/7ci8dm0ph8pjqvg27c1r0n82wgqqand0-texlive-combined-2023-texmfdist/tex/latex/lm/omllmm.fd
File: omllmm.fd 2015/05/01 v1.6.1 Font defs for Latin Modern
)
LaTeX Font Info:    Trying to load font information for OMS+lmsy on input line 26.
 (/nix/store/7ci8dm0ph8pjqvg27c1r0n82wgqqand0-texlive-combined-2023-texmfdist/tex/latex/lm/omslmsy.fd
File: omslmsy.fd 2015/05/01 v1.6.1 Font defs for Latin Modern
)
LaTeX Font Info:    Trying to load font information for OMX+lmex on input line 26.
 (/nix/store/7ci8dm0ph8pjqvg27c1r0n82wgqqand0-texlive-combined-2023-texmfdist/tex/latex/lm/omxlmex.fd
File: omxlmex.fd 2015/05/01 v1.6.1 Font defs for Latin Modern
)
LaTeX Font Info:    External font `lmex10' loaded for size
(Font)              <12> on input line 26.
LaTeX Font Info:    External font `lmex10' loaded for size
(Font)              <8> on input line 26.
LaTeX Font Info:    External font `lmex10' loaded for size
(Font)              <6> on input line 26.
LaTeX Font Info:    Trying to load font information for U+msa on input line 26.
 (/nix/store/7ci8dm0ph8pjqvg27c1r0n82wgqqand0-texlive-combined-2023-texmfdist/tex/latex/amsfonts/umsa.fd
File: umsa.fd 2013/01/14 v3.01 AMS symbols A
)
LaTeX Font Info:    Trying to load font information for U+msb on input line 26.
 (/nix/store/7ci8dm0ph8pjqvg27c1r0n82wgqqand0-texlive-combined-2023-texmfdist/tex/latex/amsfonts/umsb.fd
File: umsb.fd 2013/01/14 v3.01 AMS symbols B
)
LaTeX Font Info:    External font `lmex10' loaded for size
(Font)              <10> on input line 40.
LaTeX Font Info:    External font `lmex10' loaded for size
(Font)              <7> on input line 40.
LaTeX Font Info:    External font `lmex10' loaded for size
(Font)              <5> on input line 40.
LaTeX Font Info:    Trying to load font information for T1+lmtt on input line 43.
 (/nix/store/7ci8dm0ph8pjqvg27c1r0n82wgqqand0-texlive-combined-2023-texmfdist/tex/latex/lm/t1lmtt.fd
File: t1lmtt.fd 2015/05/01 v1.6.1 Font defs for Latin Modern
)
./exercises5.tex:48: Extra }, or forgotten $.
<recently read> }
                 
l.48 ...hat$ \textbackslash t\textbackslash n]} ()
                                                  ;
I've deleted a group-closing symbol because it seems to be
spurious, as in `$x}$'. But perhaps the } is legitimate and
you forgot something else, as in `\hbox{$x}'. In such cases
the way to recover is to insert both the forgotten and the
deleted material, e.g., by typing `I$}'.

./exercises5.tex:48: Missing } inserted.
<inserted text> 
                }
l.48 ...hat$ \textbackslash t\textbackslash n]} ()
                                                  ;
I've inserted something that you may have forgotten.
(See the <inserted text> above.)
With luck, this will get me unwedged. But if you
really didn't forget anything, try typing `2' now; then
my insertion and my current dilemma will both disappear.


LaTeX Warning: Command \textbackslash invalid in math mode on input line 48.


LaTeX Warning: Command \textbackslash invalid in math mode on input line 48.

./exercises5.tex:48: Extra }, or forgotten $.
\pgf@let@token ...extbackslash t\textbackslash n]}
                                                  
l.48 ...hat$ \textbackslash t\textbackslash n]} ()
                                                  ;
I've deleted a group-closing symbol because it seems to be
spurious, as in `$x}$'. But perhaps the } is legitimate and
you forgot something else, as in `\hbox{$x}'. In such cases
the way to recover is to insert both the forgotten and the
deleted material, e.g., by typing `I$}'.

./exercises5.tex:48: Extra }, or forgotten $.
\pgf@let@token ...@is@a@labeltrue }\tikz@tonodes }
                                                  
l.48 ...hat$ \textbackslash t\textbackslash n]} ()
                                                  ;
I've deleted a group-closing symbol because it seems to be
spurious, as in `$x}$'. But perhaps the } is legitimate and
you forgot something else, as in `\hbox{$x}'. In such cases
the way to recover is to insert both the forgotten and the
deleted material, e.g., by typing `I$}'.

./exercises5.tex:48: Missing $ inserted.
<inserted text> 
                $
l.48 ...hat$ \textbackslash t\textbackslash n]} ()
                                                  ;
I've inserted something that you may have forgotten.
(See the <inserted text> above.)
With luck, this will get me unwedged. But if you
really didn't forget anything, try typing `2' now; then
my insertion and my current dilemma will both disappear.

./exercises5.tex:48: Missing } inserted.
<inserted text> 
                }
l.48 ...hat$ \textbackslash t\textbackslash n]} ()
                                                  ;
I've inserted something that you may have forgotten.
(See the <inserted text> above.)
With luck, this will get me unwedged. But if you
really didn't forget anything, try typing `2' now; then
my insertion and my current dilemma will both disappear.


./exercises5.tex:48: Package tikz Error: Giving up on this path. Did you forget a semicolon?.

See the tikz package documentation for explanation.
Type  H <return>  for immediate help.
 ...                                              
                                                  
l.48 ...hat$ \textbackslash t\textbackslash n]} ()
                                                  ;
This error message was generated by an \errmessage
command, so I can't give any explicit help.
Pretend that you're Hercule Poirot: Examine all clues,
and deduce the truth by order and method.

./exercises5.tex:48: Extra }, or forgotten \endgroup.
\tikz@to@or@edge@function ...nterruptpath \egroup 
                                                  \egroup \egroup \global \s...
l.48 ...hat$ \textbackslash t\textbackslash n]} ()
                                                  ;
I've deleted a group-closing symbol because it seems to be
spurious, as in `$x}$'. But perhaps the } is legitimate and
you forgot something else, as in `\hbox{$x}'. In such cases
the way to recover is to insert both the forgotten and the
deleted material, e.g., by typing `I$}'.

./exercises5.tex:48: Extra }, or forgotten \endgroup.
\tikz@to@or@edge@function ...path \egroup \egroup 
                                                  \egroup \global \setbox \t...
l.48 ...hat$ \textbackslash t\textbackslash n]} ()
                                                  ;
I've deleted a group-closing symbol because it seems to be
spurious, as in `$x}$'. But perhaps the } is legitimate and
you forgot something else, as in `\hbox{$x}'. In such cases
the way to recover is to insert both the forgotten and the
deleted material, e.g., by typing `I$}'.

./exercises5.tex:48: Extra }, or forgotten \endgroup.
\tikz@to@or@edge@function ...roup \egroup \egroup 
                                                  \global \setbox \tikz@temp...
l.48 ...hat$ \textbackslash t\textbackslash n]} ()
                                                  ;
I've deleted a group-closing symbol because it seems to be
spurious, as in `$x}$'. But perhaps the } is legitimate and
you forgot something else, as in `\hbox{$x}'. In such cases
the way to recover is to insert both the forgotten and the
deleted material, e.g., by typing `I$}'.

./exercises5.tex:48: Extra }, or forgotten $.
<recently read> }
                 
l.48 ...hat$ \textbackslash t\textbackslash n]} ()
                                                  ;
I've deleted a group-closing symbol because it seems to be
spurious, as in `$x}$'. But perhaps the } is legitimate and
you forgot something else, as in `\hbox{$x}'. In such cases
the way to recover is to insert both the forgotten and the
deleted material, e.g., by typing `I$}'.

./exercises5.tex:48: Missing } inserted.
<inserted text> 
                }
l.48 ...hat$ \textbackslash t\textbackslash n]} ()
                                                  ;
I've inserted something that you may have forgotten.
(See the <inserted text> above.)
With luck, this will get me unwedged. But if you
really didn't forget anything, try typing `2' now; then
my insertion and my current dilemma will both disappear.


LaTeX Warning: Command \textbackslash invalid in math mode on input line 48.


LaTeX Warning: Command \textbackslash invalid in math mode on input line 48.

./exercises5.tex:48: Extra }, or forgotten $.
\tikz@temp ...$ \textbackslash t\textbackslash n]}
                                                  
l.48 ...hat$ \textbackslash t\textbackslash n]} ()
                                                  ;
I've deleted a group-closing symbol because it seems to be
spurious, as in `$x}$'. But perhaps the } is legitimate and
you forgot something else, as in `\hbox{$x}'. In such cases
the way to recover is to insert both the forgotten and the
deleted material, e.g., by typing `I$}'.

./exercises5.tex:48: Missing $ inserted.
<inserted text> 
                $
l.48 ...at$ \textbackslash t\textbackslash n]} ();
                                                  
I've inserted something that you may have forgotten.
(See the <inserted text> above.)
With luck, this will get me unwedged. But if you
really didn't forget anything, try typing `2' now; then
my insertion and my current dilemma will both disappear.

./exercises5.tex:48: Missing } inserted.
<inserted text> 
                }
l.48 ...at$ \textbackslash t\textbackslash n]} ();
                                                  
I've inserted something that you may have forgotten.
(See the <inserted text> above.)
With luck, this will get me unwedged. But if you
really didn't forget anything, try typing `2' now; then
my insertion and my current dilemma will both disappear.


./exercises5.tex:48: Package tikz Error: Giving up on this path. Did you forget a semicolon?.

See the tikz package documentation for explanation.
Type  H <return>  for immediate help.
 ...                                              
                                                  
l.48 ...at$ \textbackslash t\textbackslash n]} ();
                                                  
(That was another \errmessage.)

./exercises5.tex:48: Missing } inserted.
<inserted text> 
                }
l.48 ...at$ \textbackslash t\textbackslash n]} ();
                                                  
I've inserted something that you may have forgotten.
(See the <inserted text> above.)
With luck, this will get me unwedged. But if you
really didn't forget anything, try typing `2' now; then
my insertion and my current dilemma will both disappear.

./exercises5.tex:48: Missing } inserted.
<inserted text> 
                }
l.48 ...at$ \textbackslash t\textbackslash n]} ();
                                                  
I've inserted something that you may have forgotten.
(See the <inserted text> above.)
With luck, this will get me unwedged. But if you
really didn't forget anything, try typing `2' now; then
my insertion and my current dilemma will both disappear.

./exercises5.tex:48: Missing } inserted.
<inserted text> 
                }
l.48 ...at$ \textbackslash t\textbackslash n]} ();
                                                  
I've inserted something that you may have forgotten.
(See the <inserted text> above.)
With luck, this will get me unwedged. But if you
really didn't forget anything, try typing `2' now; then
my insertion and my current dilemma will both disappear.

[1

{/nix/store/hb34f2xrhmg37fk6jkd9x0phw81jbd0r-texlive-combined-2023/share/texmf-var/fonts/map/pdftex/updmap/pdftex.map}{/nix/store/7ci8dm0ph8pjqvg27c1r0n82wgqqand0-texlive-combined-2023-texmfdist/fonts/enc/dvips/lm/lm-ec.enc}{/nix/store/7ci8dm0ph8pjqvg27c1r0n82wgqqand0-texlive-combined-2023-texmfdist/fonts/enc/dvips/lm/lm-mathit.enc}]
Overfull \hbox (60.70122pt too wide) in paragraph at lines 82--82
 [] 
 []

[2{/nix/store/7ci8dm0ph8pjqvg27c1r0n82wgqqand0-texlive-combined-2023-texmfdist/fonts/enc/dvips/lm/lm-rm.enc}{/nix/store/7ci8dm0ph8pjqvg27c1r0n82wgqqand0-texlive-combined-2023-texmfdist/fonts/enc/dvips/lm/lm-mathsy.enc}]
Overfull \hbox (32.54472pt too wide) in paragraph at lines 120--120
 [] 
 []

[3] [4] [5] (./exercises5.aux)
 ***********
LaTeX2e <2023-11-01> patch level 1
L3 programming layer <2024-02-20>
 ***********
Package logreq Info: Writing requests to 'exercises5.run.xml'.
\openout1 = `exercises5.run.xml'.

 ) 
Here is how much of TeX's memory you used:
 33516 strings out of 475230
 775912 string characters out of 5751327
 1938187 words of memory out of 5000000
 55239 multiletter control sequences out of 15000+600000
 599704 words of font info for 74 fonts, out of 8000000 for 9000
 430 hyphenation exceptions out of 8191
 121i,8n,124p,1640b,1636s stack positions out of 10000i,1000n,20000p,200000b,200000s
</nix/store/7ci8dm0ph8pjqvg27c1r0n82wgqqand0-texlive-combined-2023-texmfdist/fonts/type1/public/lm/lmbx10.pfb></nix/store/7ci8dm0ph8pjqvg27c1r0n82wgqqand0-texlive-combined-2023-texmfdist/fonts/type1/public/lm/lmmi10.pfb></nix/store/7ci8dm0ph8pjqvg27c1r0n82wgqqand0-texlive-combined-2023-texmfdist/fonts/type1/public/lm/lmr10.pfb></nix/store/7ci8dm0ph8pjqvg27c1r0n82wgqqand0-texlive-combined-2023-texmfdist/fonts/type1/public/lm/lmr12.pfb></nix/store/7ci8dm0ph8pjqvg27c1r0n82wgqqand0-texlive-combined-2023-texmfdist/fonts/type1/public/lm/lmr17.pfb></nix/store/7ci8dm0ph8pjqvg27c1r0n82wgqqand0-texlive-combined-2023-texmfdist/fonts/type1/public/lm/lmr7.pfb></nix/store/7ci8dm0ph8pjqvg27c1r0n82wgqqand0-texlive-combined-2023-texmfdist/fonts/type1/public/lm/lmri10.pfb></nix/store/7ci8dm0ph8pjqvg27c1r0n82wgqqand0-texlive-combined-2023-texmfdist/fonts/type1/public/lm/lmsy10.pfb></nix/store/7ci8dm0ph8pjqvg27c1r0n82wgqqand0-texlive-combined-2023-texmfdist/fonts/type1/public/lm/lmtt10.pfb>
Output written on exercises5.pdf (5 pages, 196857 bytes).
PDF statistics:
 75 PDF objects out of 1000 (max. 8388607)
 48 compressed objects within 1 object stream
 0 named destinations out of 1000 (max. 500000)
 13 words of extra memory for PDF output out of 10000 (max. 10000000)

